<?xml version="1.0" encoding="UTF-8"?>
<robot generator="Robot 7.3 (Python 3.13.4 on darwin)" generated="2025-10-07T10:51:51.875995" rpa="false" schemaversion="5">
<suite id="s1" name="Hr Otp" source="/Applications/XAMPP/xamppfiles/htdocs/Robot-Project/staffMX/hr_otp.robot">
<test id="s1-t1" name="ล็อกอินเข้าสู่ระบบ HR ด้วย OTP Bypass" line="160">
<kw name="Open Browser" owner="SeleniumLibrary">
<msg time="2025-10-07T10:51:52.105942" level="INFO">Opening browser 'Chrome' to base url 'https://oway-x-mex-training.possefy.co.th/'.</msg>
<arg>${URL}</arg>
<arg>${BROWSER}</arg>
<doc>Opens a new browser instance to the optional ``url``.</doc>
<status status="PASS" start="2025-10-07T10:51:52.105705" elapsed="3.193908"/>
</kw>
<kw name="Maximize Browser Window" owner="SeleniumLibrary">
<doc>Maximizes current browser window.</doc>
<status status="PASS" start="2025-10-07T10:51:55.300584" elapsed="0.108371"/>
</kw>
<kw name="Wait Until Element Is Visible" owner="SeleniumLibrary">
<arg>${LOGIN_USERNAME_FIELD}</arg>
<arg>15s</arg>
<doc>Waits until the element ``locator`` is visible.</doc>
<status status="PASS" start="2025-10-07T10:51:55.409214" elapsed="0.026382"/>
</kw>
<kw name="Input Text" owner="SeleniumLibrary">
<msg time="2025-10-07T10:51:55.436063" level="INFO">Typing text '99901' into text field 'id:username'.</msg>
<arg>${LOGIN_USERNAME_FIELD}</arg>
<arg>${USERNAME}</arg>
<doc>Types the given ``text`` into the text field identified by ``locator``.</doc>
<status status="PASS" start="2025-10-07T10:51:55.435818" elapsed="0.200374"/>
</kw>
<kw name="Input Text" owner="SeleniumLibrary">
<msg time="2025-10-07T10:51:55.636634" level="INFO">Typing text 'AdminMXITTraining@!@2025' into text field 'id:password'.</msg>
<arg>${LOGIN_PASSWORD_FIELD}</arg>
<arg>${PASSWORD}</arg>
<doc>Types the given ``text`` into the text field identified by ``locator``.</doc>
<status status="PASS" start="2025-10-07T10:51:55.636402" elapsed="0.072172"/>
</kw>
<kw name="Execute Javascript" owner="SeleniumLibrary">
<msg time="2025-10-07T10:51:55.709381" level="INFO">Executing JavaScript:
document.getElementById('logged').click();
Without any arguments.</msg>
<arg>document.getElementById('logged').click();</arg>
<doc>Executes the given JavaScript code with possible arguments.</doc>
<status status="PASS" start="2025-10-07T10:51:55.708845" elapsed="0.007788"/>
</kw>
<kw name="Wait Until Page Contains Element" owner="SeleniumLibrary">
<arg>${OTP_PAGE_IDENTIFIER}</arg>
<arg>20s</arg>
<doc>Waits until the element ``locator`` appears on the current page.</doc>
<status status="PASS" start="2025-10-07T10:51:55.716835" elapsed="1.860564"/>
</kw>
<kw name="Click Element" owner="SeleniumLibrary">
<msg time="2025-10-07T10:51:57.577892" level="INFO">Clicking element 'xpath=//span[contains(@class,'radio-label') and contains(.,'@oppo-oway.com')]'.</msg>
<arg>${OTP_EMAIL_OPTION}</arg>
<doc>Click the element identified by ``locator``.</doc>
<status status="PASS" start="2025-10-07T10:51:57.577630" elapsed="0.042737"/>
</kw>
<kw name="Click Button" owner="SeleniumLibrary">
<msg time="2025-10-07T10:51:57.620778" level="INFO">Clicking button 'id:send_code'.</msg>
<arg>${SEND_CODE_BTN}</arg>
<doc>Clicks the button identified by ``locator``.</doc>
<status status="PASS" start="2025-10-07T10:51:57.620565" elapsed="0.050660"/>
</kw>
<kw name="Sleep" owner="BuiltIn">
<msg time="2025-10-07T10:51:59.673683" level="INFO">Slept 2 seconds.</msg>
<arg>2s</arg>
<doc>Pauses the test executed for the given time.</doc>
<status status="PASS" start="2025-10-07T10:51:57.671644" elapsed="2.002370"/>
</kw>
<status status="PASS" start="2025-10-07T10:51:52.104192" elapsed="7.570424"/>
</test>
<test id="s1-t2" name="กรอก OTP ทีละช่องเหมือนมนุษย์" line="172">
<kw name="Get WebElements" owner="SeleniumLibrary">
<msg time="2025-10-07T10:51:59.693178" level="INFO">@{otp_fields} = [ &lt;selenium.webdriver.remote.webelement.WebElement (session="66b410e3c9ebd156bcf6bd952813faf0", element="f.8EE722BBC9F7795B6E0994C74B08674B.d.473BB66339E8E38FBD98D1B5BC97A3D7.e.28")&gt; | &lt;selenium.webdr...</msg>
<var>@{otp_fields}</var>
<arg>${OTP_INPUT_FIELD_LIST}</arg>
<doc>Returns a list of WebElement objects matching the ``locator``.</doc>
<status status="PASS" start="2025-10-07T10:51:59.677050" elapsed="0.016192"/>
</kw>
<for flavor="IN RANGE">
<iter>
<kw name="Input Text" owner="SeleniumLibrary">
<msg time="2025-10-07T10:51:59.694313" level="INFO">Typing text '7' into text field '&lt;selenium.webdriver.remote.webelement.WebElement (session="66b410e3c9ebd156bcf6bd952813faf0", element="f.8EE722BBC9F7795B6E0994C74B08674B.d.473BB66339E8E38FBD98D1B5BC97A3D7.e.28")&gt;'.</msg>
<arg>${otp_fields}[${i}]</arg>
<arg>7</arg>
<doc>Types the given ``text`` into the text field identified by ``locator``.</doc>
<status status="PASS" start="2025-10-07T10:51:59.694007" elapsed="0.038626"/>
</kw>
<kw name="Sleep" owner="BuiltIn">
<msg time="2025-10-07T10:52:00.235576" level="INFO">Slept 500 milliseconds.</msg>
<arg>0.5s</arg>
<doc>Pauses the test executed for the given time.</doc>
<status status="PASS" start="2025-10-07T10:51:59.732789" elapsed="0.503137"/>
</kw>
<var name="${i}">0</var>
<status status="PASS" start="2025-10-07T10:51:59.693846" elapsed="0.542266"/>
</iter>
<iter>
<kw name="Input Text" owner="SeleniumLibrary">
<msg time="2025-10-07T10:52:00.237602" level="INFO">Typing text '7' into text field '&lt;selenium.webdriver.remote.webelement.WebElement (session="66b410e3c9ebd156bcf6bd952813faf0", element="f.8EE722BBC9F7795B6E0994C74B08674B.d.473BB66339E8E38FBD98D1B5BC97A3D7.e.29")&gt;'.</msg>
<arg>${otp_fields}[${i}]</arg>
<arg>7</arg>
<doc>Types the given ``text`` into the text field identified by ``locator``.</doc>
<status status="PASS" start="2025-10-07T10:52:00.236922" elapsed="0.044751"/>
</kw>
<kw name="Sleep" owner="BuiltIn">
<msg time="2025-10-07T10:52:00.782404" level="INFO">Slept 500 milliseconds.</msg>
<arg>0.5s</arg>
<doc>Pauses the test executed for the given time.</doc>
<status status="PASS" start="2025-10-07T10:52:00.281843" elapsed="0.500922"/>
</kw>
<var name="${i}">1</var>
<status status="PASS" start="2025-10-07T10:52:00.236549" elapsed="0.546438"/>
</iter>
<iter>
<kw name="Input Text" owner="SeleniumLibrary">
<msg time="2025-10-07T10:52:00.784738" level="INFO">Typing text '7' into text field '&lt;selenium.webdriver.remote.webelement.WebElement (session="66b410e3c9ebd156bcf6bd952813faf0", element="f.8EE722BBC9F7795B6E0994C74B08674B.d.473BB66339E8E38FBD98D1B5BC97A3D7.e.30")&gt;'.</msg>
<arg>${otp_fields}[${i}]</arg>
<arg>7</arg>
<doc>Types the given ``text`` into the text field identified by ``locator``.</doc>
<status status="PASS" start="2025-10-07T10:52:00.783945" elapsed="0.045010"/>
</kw>
<kw name="Sleep" owner="BuiltIn">
<msg time="2025-10-07T10:52:01.329764" level="INFO">Slept 500 milliseconds.</msg>
<arg>0.5s</arg>
<doc>Pauses the test executed for the given time.</doc>
<status status="PASS" start="2025-10-07T10:52:00.829124" elapsed="0.500938"/>
</kw>
<var name="${i}">2</var>
<status status="PASS" start="2025-10-07T10:52:00.783462" elapsed="0.546769"/>
</iter>
<iter>
<kw name="Input Text" owner="SeleniumLibrary">
<msg time="2025-10-07T10:52:01.331651" level="INFO">Typing text '7' into text field '&lt;selenium.webdriver.remote.webelement.WebElement (session="66b410e3c9ebd156bcf6bd952813faf0", element="f.8EE722BBC9F7795B6E0994C74B08674B.d.473BB66339E8E38FBD98D1B5BC97A3D7.e.31")&gt;'.</msg>
<arg>${otp_fields}[${i}]</arg>
<arg>7</arg>
<doc>Types the given ``text`` into the text field identified by ``locator``.</doc>
<status status="PASS" start="2025-10-07T10:52:01.330953" elapsed="0.046003"/>
</kw>
<kw name="Sleep" owner="BuiltIn">
<msg time="2025-10-07T10:52:01.878933" level="INFO">Slept 500 milliseconds.</msg>
<arg>0.5s</arg>
<doc>Pauses the test executed for the given time.</doc>
<status status="PASS" start="2025-10-07T10:52:01.377127" elapsed="0.502009"/>
</kw>
<var name="${i}">3</var>
<status status="PASS" start="2025-10-07T10:52:01.330557" elapsed="0.548686"/>
</iter>
<iter>
<kw name="Input Text" owner="SeleniumLibrary">
<msg time="2025-10-07T10:52:01.880043" level="INFO">Typing text '7' into text field '&lt;selenium.webdriver.remote.webelement.WebElement (session="66b410e3c9ebd156bcf6bd952813faf0", element="f.8EE722BBC9F7795B6E0994C74B08674B.d.473BB66339E8E38FBD98D1B5BC97A3D7.e.32")&gt;'.</msg>
<arg>${otp_fields}[${i}]</arg>
<arg>7</arg>
<doc>Types the given ``text`` into the text field identified by ``locator``.</doc>
<status status="PASS" start="2025-10-07T10:52:01.879659" elapsed="0.042464"/>
</kw>
<kw name="Sleep" owner="BuiltIn">
<msg time="2025-10-07T10:52:02.424973" level="INFO">Slept 500 milliseconds.</msg>
<arg>0.5s</arg>
<doc>Pauses the test executed for the given time.</doc>
<status status="PASS" start="2025-10-07T10:52:01.922304" elapsed="0.502918"/>
</kw>
<var name="${i}">4</var>
<status status="PASS" start="2025-10-07T10:52:01.879465" elapsed="0.545902"/>
</iter>
<iter>
<kw name="Input Text" owner="SeleniumLibrary">
<msg time="2025-10-07T10:52:02.426435" level="INFO">Typing text '7' into text field '&lt;selenium.webdriver.remote.webelement.WebElement (session="66b410e3c9ebd156bcf6bd952813faf0", element="f.8EE722BBC9F7795B6E0994C74B08674B.d.473BB66339E8E38FBD98D1B5BC97A3D7.e.33")&gt;'.</msg>
<arg>${otp_fields}[${i}]</arg>
<arg>7</arg>
<doc>Types the given ``text`` into the text field identified by ``locator``.</doc>
<status status="PASS" start="2025-10-07T10:52:02.426017" elapsed="0.043399"/>
</kw>
<kw name="Sleep" owner="BuiltIn">
<msg time="2025-10-07T10:52:02.971032" level="INFO">Slept 500 milliseconds.</msg>
<arg>0.5s</arg>
<doc>Pauses the test executed for the given time.</doc>
<status status="PASS" start="2025-10-07T10:52:02.469590" elapsed="0.501802"/>
</kw>
<var name="${i}">5</var>
<status status="PASS" start="2025-10-07T10:52:02.425802" elapsed="0.545784"/>
</iter>
<var>${i}</var>
<value>6</value>
<status status="PASS" start="2025-10-07T10:51:59.693454" elapsed="3.278263"/>
</for>
<kw name="Wait Until Element Is Enabled" owner="SeleniumLibrary">
<arg>${OTP_SUBMIT_BUTTON}</arg>
<arg>15s</arg>
<doc>Waits until the element ``locator`` is enabled.</doc>
<status status="PASS" start="2025-10-07T10:52:02.972373" elapsed="0.028123"/>
</kw>
<kw name="Click Button" owner="SeleniumLibrary">
<msg time="2025-10-07T10:52:03.001166" level="INFO">Clicking button 'id:submit_button'.</msg>
<arg>${OTP_SUBMIT_BUTTON}</arg>
<doc>Clicks the button identified by ``locator``.</doc>
<status status="PASS" start="2025-10-07T10:52:03.000794" elapsed="0.049053"/>
</kw>
<kw name="Wait Until Element Is Visible" owner="SeleniumLibrary">
<arg>${SUCCESS_MODAL}</arg>
<arg>15s</arg>
<doc>Waits until the element ``locator`` is visible.</doc>
<status status="PASS" start="2025-10-07T10:52:03.050053" elapsed="0.451073"/>
</kw>
<kw name="Click Button" owner="SeleniumLibrary">
<msg time="2025-10-07T10:52:03.501955" level="INFO">Clicking button 'css:button.swal2-confirm'.</msg>
<arg>${SUCCESS_OK_BUTTON}</arg>
<doc>Clicks the button identified by ``locator``.</doc>
<status status="PASS" start="2025-10-07T10:52:03.501542" elapsed="0.672306"/>
</kw>
<kw name="Sleep" owner="BuiltIn">
<msg time="2025-10-07T10:52:05.675763" level="INFO">Slept 1 second 500 milliseconds.</msg>
<arg>1.5s</arg>
<doc>Pauses the test executed for the given time.</doc>
<status status="PASS" start="2025-10-07T10:52:04.174068" elapsed="1.502093"/>
</kw>
<status status="PASS" start="2025-10-07T10:51:59.675298" elapsed="6.001632"/>
</test>
<test id="s1-t3" name="Verify Login Was Successful" line="184">
<kw name="Wait Until Page Contains" owner="SeleniumLibrary">
<arg>Staff</arg>
<arg>10s</arg>
<doc>Waits until ``text`` appears on the current page.</doc>
<status status="PASS" start="2025-10-07T10:52:05.678850" elapsed="0.020069"/>
</kw>
<kw name="Sleep" owner="BuiltIn">
<msg time="2025-10-07T10:52:07.201195" level="INFO">Slept 1 second 500 milliseconds.</msg>
<arg>1.5s</arg>
<doc>Pauses the test executed for the given time.</doc>
<status status="PASS" start="2025-10-07T10:52:05.699193" elapsed="1.502210"/>
</kw>
<status status="PASS" start="2025-10-07T10:52:05.677751" elapsed="1.524027"/>
</test>
<test id="s1-t4" name="Navigate To Create Staff" line="188">
<kw name="Wait Until Element Is Visible" owner="SeleniumLibrary">
<arg>${STAFF_MENU}</arg>
<arg>10s</arg>
<doc>Waits until the element ``locator`` is visible.</doc>
<status status="PASS" start="2025-10-07T10:52:07.202677" elapsed="0.021334"/>
</kw>
<kw name="Click Element" owner="SeleniumLibrary">
<msg time="2025-10-07T10:52:07.224571" level="INFO">Clicking element 'xpath=//span[normalize-space(.)="Staff"]'.</msg>
<arg>${STAFF_MENU}</arg>
<doc>Click the element identified by ``locator``.</doc>
<status status="PASS" start="2025-10-07T10:52:07.224294" elapsed="0.053514"/>
</kw>
<kw name="Wait Until Element Is Visible" owner="SeleniumLibrary">
<arg>${STAFF_CREATE}</arg>
<arg>10s</arg>
<doc>Waits until the element ``locator`` is visible.</doc>
<status status="PASS" start="2025-10-07T10:52:07.278064" elapsed="0.236683"/>
</kw>
<kw name="Click Element" owner="SeleniumLibrary">
<msg time="2025-10-07T10:52:07.515374" level="INFO">Clicking element 'xpath=//a[contains(@href,"/staff/create")]'.</msg>
<arg>${STAFF_CREATE}</arg>
<doc>Click the element identified by ``locator``.</doc>
<status status="PASS" start="2025-10-07T10:52:07.515137" elapsed="0.793977"/>
</kw>
<kw name="Wait Until Location Contains" owner="SeleniumLibrary">
<arg>/staff/create</arg>
<arg>10s</arg>
<doc>Waits until the current URL contains ``expected``.</doc>
<status status="PASS" start="2025-10-07T10:52:08.309337" elapsed="0.003398"/>
</kw>
<kw name="Sleep" owner="BuiltIn">
<msg time="2025-10-07T10:52:09.813745" level="INFO">Slept 1 second 500 milliseconds.</msg>
<arg>1.5s</arg>
<doc>Pauses the test executed for the given time.</doc>
<status status="PASS" start="2025-10-07T10:52:08.312930" elapsed="1.501248"/>
</kw>
<status status="PASS" start="2025-10-07T10:52:07.202125" elapsed="2.612769"/>
</test>
<test id="s1-t5" name="Click Backoffice Staff" line="196">
<kw name="Click With Fallback">
<kw name="Run Keyword And Ignore Error" owner="BuiltIn">
<kw name="Safe Click">
<kw name="Wait Until Element Is Visible" owner="SeleniumLibrary">
<arg>${locator}</arg>
<arg>10s</arg>
<doc>Waits until the element ``locator`` is visible.</doc>
<status status="PASS" start="2025-10-07T10:52:09.819322" elapsed="0.021296"/>
</kw>
<kw name="Scroll Element Into View" owner="SeleniumLibrary">
<arg>${locator}</arg>
<doc>Scrolls the element identified by ``locator`` into view.</doc>
<status status="PASS" start="2025-10-07T10:52:09.840872" elapsed="0.271700"/>
</kw>
<kw name="Wait Until Keyword Succeeds" owner="BuiltIn">
<kw name="Click Element" owner="SeleniumLibrary">
<msg time="2025-10-07T10:52:10.114563" level="INFO">Clicking element 'xpath=//a[contains(@href,'/staff/create/backoffice')]'.</msg>
<arg>${locator}</arg>
<doc>Click the element identified by ``locator``.</doc>
<status status="PASS" start="2025-10-07T10:52:10.114007" elapsed="0.854113"/>
</kw>
<arg>3x</arg>
<arg>1.5s</arg>
<arg>Click Element</arg>
<arg>${locator}</arg>
<doc>Runs the specified keyword and retries if it fails.</doc>
<status status="PASS" start="2025-10-07T10:52:10.113282" elapsed="0.854985"/>
</kw>
<arg>${locator}</arg>
<status status="PASS" start="2025-10-07T10:52:09.818723" elapsed="1.149617"/>
</kw>
<arg>Safe Click</arg>
<arg>${locator}</arg>
<doc>Runs the given keyword with the given arguments and ignores possible error.</doc>
<status status="PASS" start="2025-10-07T10:52:09.818196" elapsed="1.150186"/>
</kw>
<kw name="Run Keyword And Ignore Error" owner="BuiltIn">
<kw name="Element Should Be Visible" owner="SeleniumLibrary">
<msg time="2025-10-07T10:52:11.118760" level="INFO" html="true">&lt;/td&gt;&lt;/tr&gt;&lt;tr&gt;&lt;td colspan="3"&gt;&lt;a href="selenium-screenshot-23.png"&gt;&lt;img src="selenium-screenshot-23.png" width="800px"&gt;&lt;/a&gt;</msg>
<msg time="2025-10-07T10:52:11.118981" level="FAIL">Element with locator 'xpath=//a[contains(@href,'/staff/create/backoffice')]' not found.</msg>
<arg>${locator}</arg>
<doc>Verifies that the element identified by ``locator`` is visible.</doc>
<status status="FAIL" start="2025-10-07T10:52:10.968735" elapsed="0.155957">Element with locator 'xpath=//a[contains(@href,'/staff/create/backoffice')]' not found.</status>
</kw>
<msg time="2025-10-07T10:52:11.125050" level="INFO">${res_status} = FAIL</msg>
<msg time="2025-10-07T10:52:11.125091" level="INFO">${res_msg} = Element with locator 'xpath=//a[contains(@href,'/staff/create/backoffice')]' not found.</msg>
<var>${res_status}</var>
<var>${res_msg}</var>
<arg>Element Should Be Visible</arg>
<arg>${locator}</arg>
<doc>Runs the given keyword with the given arguments and ignores possible error.</doc>
<status status="PASS" start="2025-10-07T10:52:10.968558" elapsed="0.156553"/>
</kw>
<kw name="Run Keyword If" owner="BuiltIn">
<kw name="Js Click">
<kw name="Get WebElement" owner="SeleniumLibrary">
<msg time="2025-10-07T10:52:11.281387" level="INFO" html="true">&lt;/td&gt;&lt;/tr&gt;&lt;tr&gt;&lt;td colspan="3"&gt;&lt;a href="selenium-screenshot-24.png"&gt;&lt;img src="selenium-screenshot-24.png" width="800px"&gt;&lt;/a&gt;</msg>
<msg time="2025-10-07T10:52:11.281531" level="FAIL">Element with locator 'xpath=//a[contains(@href,'/staff/create/backoffice')]' not found.</msg>
<var>${el}</var>
<arg>${locator}</arg>
<doc>Returns the first WebElement matching the given ``locator``.</doc>
<status status="FAIL" start="2025-10-07T10:52:11.125824" elapsed="0.156941">Element with locator 'xpath=//a[contains(@href,'/staff/create/backoffice')]' not found.</status>
</kw>
<kw name="Execute Javascript" owner="SeleniumLibrary">
<arg>arguments[0].click();</arg>
<arg>${el}</arg>
<doc>Executes the given JavaScript code with possible arguments.</doc>
<status status="NOT RUN" start="2025-10-07T10:52:11.282945" elapsed="0.000030"/>
</kw>
<arg>${locator}</arg>
<status status="FAIL" start="2025-10-07T10:52:11.125594" elapsed="0.157515">Element with locator 'xpath=//a[contains(@href,'/staff/create/backoffice')]' not found.</status>
</kw>
<arg>'${res_status}'=='FAIL'</arg>
<arg>Js Click</arg>
<arg>${locator}</arg>
<doc>Runs the given keyword with the given arguments, if ``condition`` is true.</doc>
<status status="FAIL" start="2025-10-07T10:52:11.125259" elapsed="0.157905">Element with locator 'xpath=//a[contains(@href,'/staff/create/backoffice')]' not found.</status>
</kw>
<arg>${BACKOFFICE_STAFF_BTN}</arg>
<status status="FAIL" start="2025-10-07T10:52:09.816928" elapsed="1.466309">Element with locator 'xpath=//a[contains(@href,'/staff/create/backoffice')]' not found.</status>
</kw>
<kw name="Wait Until Location Contains" owner="SeleniumLibrary">
<arg>/staff/create/backoffice/1</arg>
<arg>10s</arg>
<doc>Waits until the current URL contains ``expected``.</doc>
<status status="NOT RUN" start="2025-10-07T10:52:11.283389" elapsed="0.000024"/>
</kw>
<status status="FAIL" start="2025-10-07T10:52:09.815549" elapsed="1.468009">Element with locator 'xpath=//a[contains(@href,'/staff/create/backoffice')]' not found.</status>
</test>
<test id="s1-t6" name="Fill Lastname Field" line="202">
<kw name="Log To Console" owner="BuiltIn">
<arg>Waiting 3 seconds before filling lastname...</arg>
<doc>Logs the given message to the console.</doc>
<status status="PASS" start="2025-10-07T10:52:11.284093" elapsed="0.000162"/>
</kw>
<kw name="Sleep" owner="BuiltIn">
<msg time="2025-10-07T10:52:12.784799" level="INFO">Slept 1 second 500 milliseconds.</msg>
<arg>1.5s</arg>
<doc>Pauses the test executed for the given time.</doc>
<status status="PASS" start="2025-10-07T10:52:11.284362" elapsed="1.500894"/>
</kw>
<kw name="Wait Until Element Is Visible" owner="SeleniumLibrary">
<arg>${LASTNAME_FIELD}</arg>
<arg>timeout=10s</arg>
<doc>Waits until the element ``locator`` is visible.</doc>
<status status="PASS" start="2025-10-07T10:52:12.786061" elapsed="0.024194"/>
</kw>
<kw name="Input Text" owner="SeleniumLibrary">
<msg time="2025-10-07T10:52:12.810879" level="INFO">Typing text 'RonaldoTestt' into text field 'id=lastname'.</msg>
<arg>${LASTNAME_FIELD}</arg>
<arg>${LASTNAME_VALUE}</arg>
<doc>Types the given ``text`` into the text field identified by ``locator``.</doc>
<status status="PASS" start="2025-10-07T10:52:12.810520" elapsed="0.079030"/>
</kw>
<kw name="Log To Console" owner="BuiltIn">
<arg>Filled lastname field with ${LASTNAME_VALUE}</arg>
<doc>Logs the given message to the console.</doc>
<status status="PASS" start="2025-10-07T10:52:12.889753" elapsed="0.000184"/>
</kw>
<status status="PASS" start="2025-10-07T10:52:11.283745" elapsed="1.606296"/>
</test>
<test id="s1-t7" name="Fill Firstname Field" line="209">
<kw name="Log To Console" owner="BuiltIn">
<arg>Waiting 3 seconds before filling lastname...</arg>
<doc>Logs the given message to the console.</doc>
<status status="PASS" start="2025-10-07T10:52:12.890555" elapsed="0.000198"/>
</kw>
<kw name="Sleep" owner="BuiltIn">
<msg time="2025-10-07T10:52:14.393446" level="INFO">Slept 1 second 500 milliseconds.</msg>
<arg>1.5s</arg>
<doc>Pauses the test executed for the given time.</doc>
<status status="PASS" start="2025-10-07T10:52:12.890876" elapsed="1.502965"/>
</kw>
<kw name="Wait Until Element Is Visible" owner="SeleniumLibrary">
<arg>${FIRSTNAME_FIELD}</arg>
<arg>timeout=10s</arg>
<doc>Waits until the element ``locator`` is visible.</doc>
<status status="PASS" start="2025-10-07T10:52:14.394581" elapsed="0.022110"/>
</kw>
<kw name="Input Text" owner="SeleniumLibrary">
<msg time="2025-10-07T10:52:14.417282" level="INFO">Typing text 'CristianTest' into text field 'id=firstname'.</msg>
<arg>${FIRSTNAME_FIELD}</arg>
<arg>${FIRSTNAME_VALUE}</arg>
<doc>Types the given ``text`` into the text field identified by ``locator``.</doc>
<status status="PASS" start="2025-10-07T10:52:14.416973" elapsed="0.058217"/>
</kw>
<kw name="Log To Console" owner="BuiltIn">
<arg>Filled lastname field with ${FIRSTNAME_VALUE}</arg>
<doc>Logs the given message to the console.</doc>
<status status="PASS" start="2025-10-07T10:52:14.475387" elapsed="0.000172"/>
</kw>
<status status="PASS" start="2025-10-07T10:52:12.890276" elapsed="1.585386"/>
</test>
<test id="s1-t8" name="Fill Chinese Name" line="216">
<kw name="Log To Console" owner="BuiltIn">
<arg>Waiting 3 seconds before filling lastname...</arg>
<doc>Logs the given message to the console.</doc>
<status status="PASS" start="2025-10-07T10:52:14.476003" elapsed="0.000085"/>
</kw>
<kw name="Sleep" owner="BuiltIn">
<msg time="2025-10-07T10:52:15.977507" level="INFO">Slept 1 second 500 milliseconds.</msg>
<arg>1.5s</arg>
<doc>Pauses the test executed for the given time.</doc>
<status status="PASS" start="2025-10-07T10:52:14.476173" elapsed="1.501599"/>
</kw>
<kw name="Wait Until Element Is Visible" owner="SeleniumLibrary">
<arg>${ChinaNAME_FIELD}</arg>
<arg>timeout=10s</arg>
<doc>Waits until the element ``locator`` is visible.</doc>
<status status="PASS" start="2025-10-07T10:52:15.978287" elapsed="0.021478"/>
</kw>
<kw name="Input Text" owner="SeleniumLibrary">
<msg time="2025-10-07T10:52:16.000338" level="INFO">Typing text '语言' into text field 'id=chinese_name'.</msg>
<arg>${ChinaNAME_FIELD}</arg>
<arg>${ChinaNAME_VALUE}</arg>
<doc>Types the given ``text`` into the text field identified by ``locator``.</doc>
<status status="PASS" start="2025-10-07T10:52:16.000029" elapsed="0.070160"/>
</kw>
<kw name="Log To Console" owner="BuiltIn">
<arg>Filled lastname field with ${ChinaNAME_VALUE}</arg>
<doc>Logs the given message to the console.</doc>
<status status="PASS" start="2025-10-07T10:52:16.070383" elapsed="0.000480"/>
</kw>
<status status="PASS" start="2025-10-07T10:52:14.475803" elapsed="1.595190"/>
</test>
<test id="s1-t9" name="Fill Gender And State" line="224">
<kw name="Log To Console" owner="BuiltIn">
<arg>Waiting 3 seconds before filling Gender...</arg>
<doc>Logs the given message to the console.</doc>
<status status="PASS" start="2025-10-07T10:52:16.071384" elapsed="0.000100"/>
</kw>
<kw name="Sleep" owner="BuiltIn">
<msg time="2025-10-07T10:52:17.572039" level="INFO">Slept 1 second 500 milliseconds.</msg>
<arg>1.5s</arg>
<doc>Pauses the test executed for the given time.</doc>
<status status="PASS" start="2025-10-07T10:52:16.071578" elapsed="1.500776"/>
</kw>
<kw name="Wait Until Element Is Visible" owner="SeleniumLibrary">
<arg>xpath=//div[@class='select-wrapper'] //input[@class='select-dropdown dropdown-trigger']</arg>
<arg>timeout=10s</arg>
<doc>Waits until the element ``locator`` is visible.</doc>
<status status="PASS" start="2025-10-07T10:52:17.572951" elapsed="0.023711"/>
</kw>
<kw name="Scroll Element Into View" owner="SeleniumLibrary">
<arg>xpath=//div[@class='select-wrapper'] //input[@class='select-dropdown dropdown-trigger']</arg>
<doc>Scrolls the element identified by ``locator`` into view.</doc>
<status status="PASS" start="2025-10-07T10:52:17.597386" elapsed="0.269982"/>
</kw>
<kw name="Click Element" owner="SeleniumLibrary">
<msg time="2025-10-07T10:52:17.868073" level="INFO">Clicking element 'xpath=//div[@class='select-wrapper'] //input[@class='select-dropdown dropdown-trigger']'.</msg>
<arg>xpath=//div[@class='select-wrapper'] //input[@class='select-dropdown dropdown-trigger']</arg>
<doc>Click the element identified by ``locator``.</doc>
<status status="PASS" start="2025-10-07T10:52:17.867752" elapsed="0.060881"/>
</kw>
<kw name="Sleep" owner="BuiltIn">
<msg time="2025-10-07T10:52:19.429104" level="INFO">Slept 1 second 500 milliseconds.</msg>
<arg>1.5s</arg>
<doc>Pauses the test executed for the given time.</doc>
<status status="PASS" start="2025-10-07T10:52:17.928837" elapsed="1.500471"/>
</kw>
<kw name="Wait Until Element Is Visible" owner="SeleniumLibrary">
<arg>xpath=//li[normalize-space(.)='Male']</arg>
<arg>timeout=10s</arg>
<doc>Waits until the element ``locator`` is visible.</doc>
<status status="PASS" start="2025-10-07T10:52:19.429913" elapsed="0.023046"/>
</kw>
<kw name="Click Element" owner="SeleniumLibrary">
<msg time="2025-10-07T10:52:19.453651" level="INFO">Clicking element 'xpath=//li[normalize-space(.)='Male']'.</msg>
<arg>xpath=//li[normalize-space(.)='Male']</arg>
<doc>Click the element identified by ``locator``.</doc>
<status status="PASS" start="2025-10-07T10:52:19.453407" elapsed="0.053509"/>
</kw>
<kw name="Log To Console" owner="BuiltIn">
<arg>Selected Gender Male.</arg>
<doc>Logs the given message to the console.</doc>
<status status="PASS" start="2025-10-07T10:52:19.507261" elapsed="0.000177"/>
</kw>
<kw name="Sleep" owner="BuiltIn">
<msg time="2025-10-07T10:52:21.009290" level="INFO">Slept 1 second 500 milliseconds.</msg>
<arg>1.5s</arg>
<doc>Pauses the test executed for the given time.</doc>
<status status="PASS" start="2025-10-07T10:52:19.507608" elapsed="1.501971"/>
</kw>
<kw name="Log To Console" owner="BuiltIn">
<arg>Waiting 3 seconds before filling State...</arg>
<doc>Logs the given message to the console.</doc>
<status status="PASS" start="2025-10-07T10:52:21.010164" elapsed="0.000282"/>
</kw>
<kw name="Sleep" owner="BuiltIn">
<msg time="2025-10-07T10:52:22.512568" level="INFO">Slept 1 second 500 milliseconds.</msg>
<arg>1.5s</arg>
<doc>Pauses the test executed for the given time.</doc>
<status status="PASS" start="2025-10-07T10:52:21.010674" elapsed="1.502225"/>
</kw>
<kw name="Wait Until Element Is Visible" owner="SeleniumLibrary">
<arg>xpath=//div[@class='select-wrapper'] //input[@class='select-dropdown dropdown-trigger']</arg>
<arg>timeout=10s</arg>
<doc>Waits until the element ``locator`` is visible.</doc>
<status status="PASS" start="2025-10-07T10:52:22.513460" elapsed="0.015737"/>
</kw>
<kw name="Scroll Element Into View" owner="SeleniumLibrary">
<arg>xpath=//div[@class='select-wrapper'] //input[@class='select-dropdown dropdown-trigger']</arg>
<doc>Scrolls the element identified by ``locator`` into view.</doc>
<status status="PASS" start="2025-10-07T10:52:22.529403" elapsed="0.263023"/>
</kw>
<kw name="Click Element" owner="SeleniumLibrary">
<msg time="2025-10-07T10:52:22.793435" level="INFO">Clicking element 'xpath=//div[@class='select-wrapper'] //input[@class='select-dropdown dropdown-trigger']'.</msg>
<arg>xpath=//div[@class='select-wrapper'] //input[@class='select-dropdown dropdown-trigger']</arg>
<doc>Click the element identified by ``locator``.</doc>
<status status="PASS" start="2025-10-07T10:52:22.792942" elapsed="0.046675"/>
</kw>
<kw name="Sleep" owner="BuiltIn">
<msg time="2025-10-07T10:52:24.342358" level="INFO">Slept 1 second 500 milliseconds.</msg>
<arg>1.5s</arg>
<doc>Pauses the test executed for the given time.</doc>
<status status="PASS" start="2025-10-07T10:52:22.839814" elapsed="1.502813"/>
</kw>
<kw name="Wait Until Element Is Visible" owner="SeleniumLibrary">
<arg>xpath=//li[normalize-space(.)='- Aguascalientes -']</arg>
<arg>timeout=10s</arg>
<doc>Waits until the element ``locator`` is visible.</doc>
<status status="PASS" start="2025-10-07T10:52:24.343154" elapsed="0.026089"/>
</kw>
<kw name="Click Element" owner="SeleniumLibrary">
<msg time="2025-10-07T10:52:24.369620" level="INFO">Clicking element 'xpath=//li[normalize-space(.)='- Aguascalientes -']'.</msg>
<arg>xpath=//li[normalize-space(.)='- Aguascalientes -']</arg>
<doc>Click the element identified by ``locator``.</doc>
<status status="PASS" start="2025-10-07T10:52:24.369456" elapsed="0.041315"/>
</kw>
<kw name="Log To Console" owner="BuiltIn">
<arg>Selected State Aguascalientes.</arg>
<doc>Logs the given message to the console.</doc>
<status status="PASS" start="2025-10-07T10:52:24.411115" elapsed="0.000207"/>
</kw>
<status status="PASS" start="2025-10-07T10:52:16.071147" elapsed="8.340297"/>
</test>
<test id="s1-t10" name="Fill Email Field" line="248">
<kw name="Log To Console" owner="BuiltIn">
<arg>Waiting 3 seconds before filling Email...</arg>
<doc>Logs the given message to the console.</doc>
<status status="PASS" start="2025-10-07T10:52:24.411808" elapsed="0.000096"/>
</kw>
<kw name="Sleep" owner="BuiltIn">
<msg time="2025-10-07T10:52:25.913528" level="INFO">Slept 1 second 500 milliseconds.</msg>
<arg>1.5s</arg>
<doc>Pauses the test executed for the given time.</doc>
<status status="PASS" start="2025-10-07T10:52:24.411993" elapsed="1.501956"/>
</kw>
<kw name="Wait Until Element Is Visible" owner="SeleniumLibrary">
<arg>${EMAIL_FIELD}</arg>
<arg>timeout=10s</arg>
<doc>Waits until the element ``locator`` is visible.</doc>
<status status="PASS" start="2025-10-07T10:52:25.914702" elapsed="0.016156"/>
</kw>
<kw name="Input Text" owner="SeleniumLibrary">
<msg time="2025-10-07T10:52:25.931282" level="INFO">Typing text 'emailfortesting@gmail.com' into text field 'id=email'.</msg>
<arg>${EMAIL_FIELD}</arg>
<arg>${EMAIL_Value}</arg>
<doc>Types the given ``text`` into the text field identified by ``locator``.</doc>
<status status="PASS" start="2025-10-07T10:52:25.931060" elapsed="0.071657"/>
</kw>
<kw name="Log To Console" owner="BuiltIn">
<arg>Filled lastname field with ${EMAIL_Value}</arg>
<doc>Logs the given message to the console.</doc>
<status status="PASS" start="2025-10-07T10:52:26.002915" elapsed="0.000178"/>
</kw>
<status status="PASS" start="2025-10-07T10:52:24.411596" elapsed="1.591600"/>
</test>
<test id="s1-t11" name="Fill Phone Number Field" line="255">
<kw name="Log To Console" owner="BuiltIn">
<arg>Waiting 3 seconds before filling Phone...</arg>
<doc>Logs the given message to the console.</doc>
<status status="PASS" start="2025-10-07T10:52:26.003563" elapsed="0.000088"/>
</kw>
<kw name="Sleep" owner="BuiltIn">
<msg time="2025-10-07T10:52:27.505840" level="INFO">Slept 1 second 500 milliseconds.</msg>
<arg>1.5s</arg>
<doc>Pauses the test executed for the given time.</doc>
<status status="PASS" start="2025-10-07T10:52:26.003850" elapsed="1.502348"/>
</kw>
<kw name="Wait Until Element Is Visible" owner="SeleniumLibrary">
<arg>${Phone_FIELD}</arg>
<arg>timeout=10s</arg>
<doc>Waits until the element ``locator`` is visible.</doc>
<status status="PASS" start="2025-10-07T10:52:27.507070" elapsed="0.022882"/>
</kw>
<kw name="Input Text" owner="SeleniumLibrary">
<msg time="2025-10-07T10:52:27.530506" level="INFO">Typing text '0991116274' into text field 'id=phone_number'.</msg>
<arg>${Phone_FIELD}</arg>
<arg>${Phone_Value}</arg>
<doc>Types the given ``text`` into the text field identified by ``locator``.</doc>
<status status="PASS" start="2025-10-07T10:52:27.530216" elapsed="0.058614"/>
</kw>
<kw name="Log To Console" owner="BuiltIn">
<arg>Filled lastname field with ${Phone_Value}</arg>
<doc>Logs the given message to the console.</doc>
<status status="PASS" start="2025-10-07T10:52:27.589030" elapsed="0.000182"/>
</kw>
<status status="PASS" start="2025-10-07T10:52:26.003342" elapsed="1.585973"/>
</test>
<test id="s1-t12" name="Select Organization And Position" line="262">
<kw name="Log To Console" owner="BuiltIn">
<arg>Waiting 1.5s For Process..</arg>
<doc>Logs the given message to the console.</doc>
<status status="PASS" start="2025-10-07T10:52:27.590256" elapsed="0.000113"/>
</kw>
<kw name="Sleep" owner="BuiltIn">
<msg time="2025-10-07T10:52:29.092967" level="INFO">Slept 1 second 500 milliseconds.</msg>
<arg>1.5s</arg>
<doc>Pauses the test executed for the given time.</doc>
<status status="PASS" start="2025-10-07T10:52:27.590505" elapsed="1.502826"/>
</kw>
<kw name="Scroll Element Into View" owner="SeleniumLibrary">
<arg>xpath=//div[@id='show-selected-department' and contains(text(), '- Select Department -')]</arg>
<doc>Scrolls the element identified by ``locator`` into view.</doc>
<status status="PASS" start="2025-10-07T10:52:29.094026" elapsed="0.286155"/>
</kw>
<kw name="Wait Until Element Is Visible" owner="SeleniumLibrary">
<arg>xpath=//div[@id='show-selected-department' and contains(text(), '- Select Department -')]</arg>
<arg>timeout=10s</arg>
<doc>Waits until the element ``locator`` is visible.</doc>
<status status="PASS" start="2025-10-07T10:52:29.380923" elapsed="0.017319"/>
</kw>
<kw name="Click With Fallback">
<kw name="Run Keyword And Ignore Error" owner="BuiltIn">
<kw name="Safe Click">
<kw name="Wait Until Element Is Visible" owner="SeleniumLibrary">
<arg>${locator}</arg>
<arg>10s</arg>
<doc>Waits until the element ``locator`` is visible.</doc>
<status status="PASS" start="2025-10-07T10:52:29.399390" elapsed="0.013208"/>
</kw>
<kw name="Scroll Element Into View" owner="SeleniumLibrary">
<arg>${locator}</arg>
<doc>Scrolls the element identified by ``locator`` into view.</doc>
<status status="PASS" start="2025-10-07T10:52:29.412780" elapsed="0.269461"/>
</kw>
<kw name="Wait Until Keyword Succeeds" owner="BuiltIn">
<kw name="Click Element" owner="SeleniumLibrary">
<msg time="2025-10-07T10:52:29.684042" level="INFO">Clicking element 'xpath=//div[@id='show-selected-department' and contains(text(), '- Select Department -')]'.</msg>
<arg>${locator}</arg>
<doc>Click the element identified by ``locator``.</doc>
<status status="PASS" start="2025-10-07T10:52:29.683512" elapsed="0.065049"/>
</kw>
<arg>3x</arg>
<arg>1.5s</arg>
<arg>Click Element</arg>
<arg>${locator}</arg>
<doc>Runs the specified keyword and retries if it fails.</doc>
<status status="PASS" start="2025-10-07T10:52:29.682888" elapsed="0.065754"/>
</kw>
<arg>${locator}</arg>
<status status="PASS" start="2025-10-07T10:52:29.399119" elapsed="0.349588"/>
</kw>
<arg>Safe Click</arg>
<arg>${locator}</arg>
<doc>Runs the given keyword with the given arguments and ignores possible error.</doc>
<status status="PASS" start="2025-10-07T10:52:29.398919" elapsed="0.349826"/>
</kw>
<kw name="Run Keyword And Ignore Error" owner="BuiltIn">
<kw name="Element Should Be Visible" owner="SeleniumLibrary">
<msg time="2025-10-07T10:52:29.758443" level="INFO">Element 'xpath=//div[@id='show-selected-department' and contains(text(), '- Select Department -')]' is displayed.</msg>
<arg>${locator}</arg>
<doc>Verifies that the element identified by ``locator`` is visible.</doc>
<status status="PASS" start="2025-10-07T10:52:29.748997" elapsed="0.009527"/>
</kw>
<msg time="2025-10-07T10:52:29.758644" level="INFO">${res_status} = PASS</msg>
<msg time="2025-10-07T10:52:29.758680" level="INFO">${res_msg} = None</msg>
<var>${res_status}</var>
<var>${res_msg}</var>
<arg>Element Should Be Visible</arg>
<arg>${locator}</arg>
<doc>Runs the given keyword with the given arguments and ignores possible error.</doc>
<status status="PASS" start="2025-10-07T10:52:29.748861" elapsed="0.009837"/>
</kw>
<kw name="Run Keyword If" owner="BuiltIn">
<arg>'${res_status}'=='FAIL'</arg>
<arg>Js Click</arg>
<arg>${locator}</arg>
<doc>Runs the given keyword with the given arguments, if ``condition`` is true.</doc>
<status status="PASS" start="2025-10-07T10:52:29.758832" elapsed="0.000172"/>
</kw>
<arg>xpath=//div[@id='show-selected-department' and contains(text(), '- Select Department -')]</arg>
<status status="PASS" start="2025-10-07T10:52:29.398568" elapsed="0.360494"/>
</kw>
<kw name="Sleep" owner="BuiltIn">
<msg time="2025-10-07T10:52:31.260161" level="INFO">Slept 1 second 500 milliseconds.</msg>
<arg>1.5s</arg>
<doc>Pauses the test executed for the given time.</doc>
<status status="PASS" start="2025-10-07T10:52:29.759183" elapsed="1.501337"/>
</kw>
<kw name="Wait Until Element Is Visible" owner="SeleniumLibrary">
<arg>xpath=//div[@data-value='1'][contains(text(), 'OPPO Mexico')]</arg>
<arg>timeout=10s</arg>
<doc>Waits until the element ``locator`` is visible.</doc>
<status status="PASS" start="2025-10-07T10:52:31.261266" elapsed="0.024901"/>
</kw>
<kw name="Click With Fallback">
<kw name="Run Keyword And Ignore Error" owner="BuiltIn">
<kw name="Safe Click">
<kw name="Wait Until Element Is Visible" owner="SeleniumLibrary">
<arg>${locator}</arg>
<arg>10s</arg>
<doc>Waits until the element ``locator`` is visible.</doc>
<status status="PASS" start="2025-10-07T10:52:31.287290" elapsed="0.012681"/>
</kw>
<kw name="Scroll Element Into View" owner="SeleniumLibrary">
<arg>${locator}</arg>
<doc>Scrolls the element identified by ``locator`` into view.</doc>
<status status="PASS" start="2025-10-07T10:52:31.300156" elapsed="0.270454"/>
</kw>
<kw name="Wait Until Keyword Succeeds" owner="BuiltIn">
<kw name="Click Element" owner="SeleniumLibrary">
<msg time="2025-10-07T10:52:31.572311" level="INFO">Clicking element 'xpath=//div[@data-value='1'][contains(text(), 'OPPO Mexico')]'.</msg>
<arg>${locator}</arg>
<doc>Click the element identified by ``locator``.</doc>
<status status="PASS" start="2025-10-07T10:52:31.571836" elapsed="0.060835"/>
</kw>
<arg>3x</arg>
<arg>1.5s</arg>
<arg>Click Element</arg>
<arg>${locator}</arg>
<doc>Runs the specified keyword and retries if it fails.</doc>
<status status="PASS" start="2025-10-07T10:52:31.571200" elapsed="0.061552"/>
</kw>
<arg>${locator}</arg>
<status status="PASS" start="2025-10-07T10:52:31.287029" elapsed="0.345786"/>
</kw>
<arg>Safe Click</arg>
<arg>${locator}</arg>
<doc>Runs the given keyword with the given arguments and ignores possible error.</doc>
<status status="PASS" start="2025-10-07T10:52:31.286838" elapsed="0.346016"/>
</kw>
<kw name="Run Keyword And Ignore Error" owner="BuiltIn">
<kw name="Element Should Be Visible" owner="SeleniumLibrary">
<msg time="2025-10-07T10:52:31.642433" level="INFO">Element 'xpath=//div[@data-value='1'][contains(text(), 'OPPO Mexico')]' is displayed.</msg>
<arg>${locator}</arg>
<doc>Verifies that the element identified by ``locator`` is visible.</doc>
<status status="PASS" start="2025-10-07T10:52:31.633100" elapsed="0.009399"/>
</kw>
<msg time="2025-10-07T10:52:31.642606" level="INFO">${res_status} = PASS</msg>
<msg time="2025-10-07T10:52:31.642640" level="INFO">${res_msg} = None</msg>
<var>${res_status}</var>
<var>${res_msg}</var>
<arg>Element Should Be Visible</arg>
<arg>${locator}</arg>
<doc>Runs the given keyword with the given arguments and ignores possible error.</doc>
<status status="PASS" start="2025-10-07T10:52:31.632967" elapsed="0.009691"/>
</kw>
<kw name="Run Keyword If" owner="BuiltIn">
<arg>'${res_status}'=='FAIL'</arg>
<arg>Js Click</arg>
<arg>${locator}</arg>
<doc>Runs the given keyword with the given arguments, if ``condition`` is true.</doc>
<status status="PASS" start="2025-10-07T10:52:31.642771" elapsed="0.000147"/>
</kw>
<arg>xpath=//div[@data-value='1'][contains(text(), 'OPPO Mexico')]</arg>
<status status="PASS" start="2025-10-07T10:52:31.286491" elapsed="0.356481"/>
</kw>
<kw name="Wait Until Element Is Visible" owner="SeleniumLibrary">
<arg>xpath=//div[@data-dept='1' and @data-value='1,1' and contains(text(), 'Back Office')]</arg>
<arg>timeout=10s</arg>
<doc>Waits until the element ``locator`` is visible.</doc>
<status status="PASS" start="2025-10-07T10:52:31.643098" elapsed="0.012729"/>
</kw>
<kw name="Click With Fallback">
<kw name="Run Keyword And Ignore Error" owner="BuiltIn">
<kw name="Safe Click">
<kw name="Wait Until Element Is Visible" owner="SeleniumLibrary">
<arg>${locator}</arg>
<arg>10s</arg>
<doc>Waits until the element ``locator`` is visible.</doc>
<status status="PASS" start="2025-10-07T10:52:31.656645" elapsed="0.009428"/>
</kw>
<kw name="Scroll Element Into View" owner="SeleniumLibrary">
<arg>${locator}</arg>
<doc>Scrolls the element identified by ``locator`` into view.</doc>
<status status="PASS" start="2025-10-07T10:52:31.666295" elapsed="0.268520"/>
</kw>
<kw name="Wait Until Keyword Succeeds" owner="BuiltIn">
<kw name="Click Element" owner="SeleniumLibrary">
<msg time="2025-10-07T10:52:31.936633" level="INFO">Clicking element 'xpath=//div[@data-dept='1' and @data-value='1,1' and contains(text(), 'Back Office')]'.</msg>
<arg>${locator}</arg>
<doc>Click the element identified by ``locator``.</doc>
<status status="PASS" start="2025-10-07T10:52:31.936109" elapsed="0.058257"/>
</kw>
<arg>3x</arg>
<arg>1.5s</arg>
<arg>Click Element</arg>
<arg>${locator}</arg>
<doc>Runs the specified keyword and retries if it fails.</doc>
<status status="PASS" start="2025-10-07T10:52:31.935410" elapsed="0.059044"/>
</kw>
<arg>${locator}</arg>
<status status="PASS" start="2025-10-07T10:52:31.656439" elapsed="0.338079"/>
</kw>
<arg>Safe Click</arg>
<arg>${locator}</arg>
<doc>Runs the given keyword with the given arguments and ignores possible error.</doc>
<status status="PASS" start="2025-10-07T10:52:31.656310" elapsed="0.338248"/>
</kw>
<kw name="Run Keyword And Ignore Error" owner="BuiltIn">
<kw name="Element Should Be Visible" owner="SeleniumLibrary">
<msg time="2025-10-07T10:52:32.004281" level="INFO">Element 'xpath=//div[@data-dept='1' and @data-value='1,1' and contains(text(), 'Back Office')]' is displayed.</msg>
<arg>${locator}</arg>
<doc>Verifies that the element identified by ``locator`` is visible.</doc>
<status status="PASS" start="2025-10-07T10:52:31.994814" elapsed="0.009544"/>
</kw>
<msg time="2025-10-07T10:52:32.004478" level="INFO">${res_status} = PASS</msg>
<msg time="2025-10-07T10:52:32.004514" level="INFO">${res_msg} = None</msg>
<var>${res_status}</var>
<var>${res_msg}</var>
<arg>Element Should Be Visible</arg>
<arg>${locator}</arg>
<doc>Runs the given keyword with the given arguments and ignores possible error.</doc>
<status status="PASS" start="2025-10-07T10:52:31.994677" elapsed="0.009855"/>
</kw>
<kw name="Run Keyword If" owner="BuiltIn">
<arg>'${res_status}'=='FAIL'</arg>
<arg>Js Click</arg>
<arg>${locator}</arg>
<doc>Runs the given keyword with the given arguments, if ``condition`` is true.</doc>
<status status="PASS" start="2025-10-07T10:52:32.004658" elapsed="0.000165"/>
</kw>
<arg>xpath=//div[@data-dept='1' and @data-value='1,1' and contains(text(), 'Back Office')]</arg>
<status status="PASS" start="2025-10-07T10:52:31.656072" elapsed="0.348810"/>
</kw>
<kw name="Sleep" owner="BuiltIn">
<msg time="2025-10-07T10:52:33.505792" level="INFO">Slept 1 second 500 milliseconds.</msg>
<arg>1.5s</arg>
<doc>Pauses the test executed for the given time.</doc>
<status status="PASS" start="2025-10-07T10:52:32.004998" elapsed="1.501114"/>
</kw>
<kw name="Wait Until Element Is Visible" owner="SeleniumLibrary">
<arg>xpath=//span[contains(@class, 'select2-selection--single')]</arg>
<arg>timeout=10s</arg>
<doc>Waits until the element ``locator`` is visible.</doc>
<status status="PASS" start="2025-10-07T10:52:33.506745" elapsed="0.023408"/>
</kw>
<kw name="Click With Fallback">
<kw name="Run Keyword And Ignore Error" owner="BuiltIn">
<kw name="Safe Click">
<kw name="Wait Until Element Is Visible" owner="SeleniumLibrary">
<arg>${locator}</arg>
<arg>10s</arg>
<doc>Waits until the element ``locator`` is visible.</doc>
<status status="PASS" start="2025-10-07T10:52:33.531259" elapsed="0.014257"/>
</kw>
<kw name="Scroll Element Into View" owner="SeleniumLibrary">
<arg>${locator}</arg>
<doc>Scrolls the element identified by ``locator`` into view.</doc>
<status status="PASS" start="2025-10-07T10:52:33.545703" elapsed="0.270666"/>
</kw>
<kw name="Wait Until Keyword Succeeds" owner="BuiltIn">
<kw name="Click Element" owner="SeleniumLibrary">
<msg time="2025-10-07T10:52:33.818173" level="INFO">Clicking element 'xpath=//span[contains(@class, 'select2-selection--single')]'.</msg>
<arg>${locator}</arg>
<doc>Click the element identified by ``locator``.</doc>
<status status="PASS" start="2025-10-07T10:52:33.817612" elapsed="0.060428"/>
</kw>
<arg>3x</arg>
<arg>1.5s</arg>
<arg>Click Element</arg>
<arg>${locator}</arg>
<doc>Runs the specified keyword and retries if it fails.</doc>
<status status="PASS" start="2025-10-07T10:52:33.817013" elapsed="0.061114"/>
</kw>
<arg>${locator}</arg>
<status status="PASS" start="2025-10-07T10:52:33.530999" elapsed="0.347192"/>
</kw>
<arg>Safe Click</arg>
<arg>${locator}</arg>
<doc>Runs the given keyword with the given arguments and ignores possible error.</doc>
<status status="PASS" start="2025-10-07T10:52:33.530808" elapsed="0.347421"/>
</kw>
<kw name="Run Keyword And Ignore Error" owner="BuiltIn">
<kw name="Element Should Be Visible" owner="SeleniumLibrary">
<msg time="2025-10-07T10:52:33.898504" level="INFO">Element 'xpath=//span[contains(@class, 'select2-selection--single')]' is displayed.</msg>
<arg>${locator}</arg>
<doc>Verifies that the element identified by ``locator`` is visible.</doc>
<status status="PASS" start="2025-10-07T10:52:33.878493" elapsed="0.020090"/>
</kw>
<msg time="2025-10-07T10:52:33.898704" level="INFO">${res_status} = PASS</msg>
<msg time="2025-10-07T10:52:33.898738" level="INFO">${res_msg} = None</msg>
<var>${res_status}</var>
<var>${res_msg}</var>
<arg>Element Should Be Visible</arg>
<arg>${locator}</arg>
<doc>Runs the given keyword with the given arguments and ignores possible error.</doc>
<status status="PASS" start="2025-10-07T10:52:33.878350" elapsed="0.020405"/>
</kw>
<kw name="Run Keyword If" owner="BuiltIn">
<arg>'${res_status}'=='FAIL'</arg>
<arg>Js Click</arg>
<arg>${locator}</arg>
<doc>Runs the given keyword with the given arguments, if ``condition`` is true.</doc>
<status status="PASS" start="2025-10-07T10:52:33.898878" elapsed="0.000157"/>
</kw>
<arg>xpath=//span[contains(@class, 'select2-selection--single')]</arg>
<status status="PASS" start="2025-10-07T10:52:33.530470" elapsed="0.368620"/>
</kw>
<kw name="Sleep" owner="BuiltIn">
<msg time="2025-10-07T10:52:35.400278" level="INFO">Slept 1 second 500 milliseconds.</msg>
<arg>1.5s</arg>
<doc>Pauses the test executed for the given time.</doc>
<status status="PASS" start="2025-10-07T10:52:33.899196" elapsed="1.501675"/>
</kw>
<kw name="Wait Until Element Is Visible" owner="SeleniumLibrary">
<arg>css:.select2-results__options</arg>
<arg>timeout=10s</arg>
<doc>Waits until the element ``locator`` is visible.</doc>
<status status="PASS" start="2025-10-07T10:52:35.402050" elapsed="0.023702"/>
</kw>
<kw name="Wait Until Element Is Visible" owner="SeleniumLibrary">
<arg>xpath=//li[contains(@class, 'select2-results__option') and text()='testing']</arg>
<arg>timeout=10s</arg>
<doc>Waits until the element ``locator`` is visible.</doc>
<status status="PASS" start="2025-10-07T10:52:35.426042" elapsed="0.016127"/>
</kw>
<kw name="Click Element" owner="SeleniumLibrary">
<msg time="2025-10-07T10:52:35.442636" level="INFO">Clicking element 'xpath=//li[contains(@class, 'select2-results__option') and text()='testing']'.</msg>
<arg>xpath=//li[contains(@class, 'select2-results__option') and text()='testing']</arg>
<doc>Click the element identified by ``locator``.</doc>
<status status="PASS" start="2025-10-07T10:52:35.442436" elapsed="0.051821"/>
</kw>
<kw name="Sleep" owner="BuiltIn">
<msg time="2025-10-07T10:52:36.994882" level="INFO">Slept 1 second 500 milliseconds.</msg>
<arg>1.5s</arg>
<doc>Pauses the test executed for the given time.</doc>
<status status="PASS" start="2025-10-07T10:52:35.494461" elapsed="1.500821"/>
</kw>
<status status="PASS" start="2025-10-07T10:52:27.589973" elapsed="9.405866"/>
</test>
<test id="s1-t13" name="Fill National" line="287">
<kw name="Log To Console" owner="BuiltIn">
<arg>Waiting 2 seconds for Process...</arg>
<doc>Logs the given message to the console.</doc>
<status status="PASS" start="2025-10-07T10:52:36.997462" elapsed="0.000510"/>
</kw>
<kw name="Sleep" owner="BuiltIn">
<msg time="2025-10-07T10:52:38.498990" level="INFO">Slept 1 second 500 milliseconds.</msg>
<arg>1.5s</arg>
<doc>Pauses the test executed for the given time.</doc>
<status status="PASS" start="2025-10-07T10:52:36.998301" elapsed="1.502129"/>
</kw>
<kw name="Wait Until Element Is Visible" owner="SeleniumLibrary">
<arg>xpath=//div[@class='select-wrapper'] //input[@class='select-dropdown dropdown-trigger']</arg>
<arg>timeout=10s</arg>
<doc>Waits until the element ``locator`` is visible.</doc>
<status status="PASS" start="2025-10-07T10:52:38.501225" elapsed="0.021200"/>
</kw>
<kw name="Scroll Element Into View" owner="SeleniumLibrary">
<arg>xpath=//div[@class='select-wrapper'] //input[@class='select-dropdown dropdown-trigger']</arg>
<doc>Scrolls the element identified by ``locator`` into view.</doc>
<status status="PASS" start="2025-10-07T10:52:38.522711" elapsed="0.272933"/>
</kw>
<kw name="Click With Fallback">
<kw name="Run Keyword And Ignore Error" owner="BuiltIn">
<kw name="Safe Click">
<kw name="Wait Until Element Is Visible" owner="SeleniumLibrary">
<arg>${locator}</arg>
<arg>10s</arg>
<doc>Waits until the element ``locator`` is visible.</doc>
<status status="PASS" start="2025-10-07T10:52:38.798246" elapsed="0.018432"/>
</kw>
<kw name="Scroll Element Into View" owner="SeleniumLibrary">
<arg>${locator}</arg>
<doc>Scrolls the element identified by ``locator`` into view.</doc>
<status status="PASS" start="2025-10-07T10:52:38.816917" elapsed="0.272298"/>
</kw>
<kw name="Wait Until Keyword Succeeds" owner="BuiltIn">
<kw name="Click Element" owner="SeleniumLibrary">
<msg time="2025-10-07T10:52:39.091027" level="INFO">Clicking element 'xpath=//div[@class='select-wrapper'] //input[@class='select-dropdown dropdown-trigger']'.</msg>
<arg>${locator}</arg>
<doc>Click the element identified by ``locator``.</doc>
<status status="PASS" start="2025-10-07T10:52:39.090385" elapsed="0.068948"/>
</kw>
<arg>3x</arg>
<arg>1.5s</arg>
<arg>Click Element</arg>
<arg>${locator}</arg>
<doc>Runs the specified keyword and retries if it fails.</doc>
<status status="PASS" start="2025-10-07T10:52:39.089813" elapsed="0.069607"/>
</kw>
<arg>${locator}</arg>
<status status="PASS" start="2025-10-07T10:52:38.797746" elapsed="0.361742"/>
</kw>
<arg>Safe Click</arg>
<arg>${locator}</arg>
<doc>Runs the given keyword with the given arguments and ignores possible error.</doc>
<status status="PASS" start="2025-10-07T10:52:38.797355" elapsed="0.362173"/>
</kw>
<kw name="Run Keyword And Ignore Error" owner="BuiltIn">
<kw name="Element Should Be Visible" owner="SeleniumLibrary">
<msg time="2025-10-07T10:52:39.171544" level="INFO">Element 'xpath=//div[@class='select-wrapper'] //input[@class='select-dropdown dropdown-trigger']' is displayed.</msg>
<arg>${locator}</arg>
<doc>Verifies that the element identified by ``locator`` is visible.</doc>
<status status="PASS" start="2025-10-07T10:52:39.159773" elapsed="0.011856"/>
</kw>
<msg time="2025-10-07T10:52:39.171760" level="INFO">${res_status} = PASS</msg>
<msg time="2025-10-07T10:52:39.171822" level="INFO">${res_msg} = None</msg>
<var>${res_status}</var>
<var>${res_msg}</var>
<arg>Element Should Be Visible</arg>
<arg>${locator}</arg>
<doc>Runs the given keyword with the given arguments and ignores possible error.</doc>
<status status="PASS" start="2025-10-07T10:52:39.159639" elapsed="0.012203"/>
</kw>
<kw name="Run Keyword If" owner="BuiltIn">
<arg>'${res_status}'=='FAIL'</arg>
<arg>Js Click</arg>
<arg>${locator}</arg>
<doc>Runs the given keyword with the given arguments, if ``condition`` is true.</doc>
<status status="PASS" start="2025-10-07T10:52:39.172072" elapsed="0.000174"/>
</kw>
<arg>xpath=//div[@class='select-wrapper'] //input[@class='select-dropdown dropdown-trigger']</arg>
<status status="PASS" start="2025-10-07T10:52:38.796471" elapsed="0.375835"/>
</kw>
<kw name="Sleep" owner="BuiltIn">
<msg time="2025-10-07T10:52:40.674319" level="INFO">Slept 1 second 500 milliseconds.</msg>
<arg>1.5s</arg>
<doc>Pauses the test executed for the given time.</doc>
<status status="PASS" start="2025-10-07T10:52:39.172427" elapsed="1.502264"/>
</kw>
<kw name="Wait Until Element Is Visible" owner="SeleniumLibrary">
<arg>xpath=//li[normalize-space(.)='China']</arg>
<arg>timeout=10s</arg>
<doc>Waits until the element ``locator`` is visible.</doc>
<status status="PASS" start="2025-10-07T10:52:40.675432" elapsed="0.024785"/>
</kw>
<kw name="Click Element" owner="SeleniumLibrary">
<msg time="2025-10-07T10:52:40.700729" level="INFO">Clicking element 'xpath=//li[normalize-space(.)='China']'.</msg>
<arg>xpath=//li[normalize-space(.)='China']</arg>
<doc>Click the element identified by ``locator``.</doc>
<status status="PASS" start="2025-10-07T10:52:40.700498" elapsed="0.050966"/>
</kw>
<kw name="Log To Console" owner="BuiltIn">
<arg>Selected Gender Algeria.</arg>
<doc>Logs the given message to the console.</doc>
<status status="PASS" start="2025-10-07T10:52:40.751917" elapsed="0.000297"/>
</kw>
<kw name="Sleep" owner="BuiltIn">
<msg time="2025-10-07T10:52:42.252650" level="INFO">Slept 1 second 500 milliseconds.</msg>
<arg>1.5s</arg>
<doc>Pauses the test executed for the given time.</doc>
<status status="PASS" start="2025-10-07T10:52:40.752360" elapsed="1.500570"/>
</kw>
<status status="PASS" start="2025-10-07T10:52:36.996447" elapsed="5.256975"/>
</test>
<test id="s1-t14" name="Fill China" line="300">
<kw name="Log To Console" owner="BuiltIn">
<arg>Waiting 2 seconds for Process...</arg>
<doc>Logs the given message to the console.</doc>
<status status="PASS" start="2025-10-07T10:52:42.254580" elapsed="0.000290"/>
</kw>
<kw name="Sleep" owner="BuiltIn">
<msg time="2025-10-07T10:52:43.757040" level="INFO">Slept 1 second 500 milliseconds.</msg>
<arg>1.5s</arg>
<doc>Pauses the test executed for the given time.</doc>
<status status="PASS" start="2025-10-07T10:52:42.255061" elapsed="1.502332"/>
</kw>
<kw name="Wait Until Element Is Visible" owner="SeleniumLibrary">
<arg>xpath=//div[@class='select-wrapper'] //input[@class='select-dropdown dropdown-trigger']</arg>
<arg>timeout=10s</arg>
<doc>Waits until the element ``locator`` is visible.</doc>
<status status="PASS" start="2025-10-07T10:52:43.757972" elapsed="0.020473"/>
</kw>
<kw name="Scroll Element Into View" owner="SeleniumLibrary">
<arg>xpath=//div[@class='select-wrapper'] //input[@class='select-dropdown dropdown-trigger']</arg>
<doc>Scrolls the element identified by ``locator`` into view.</doc>
<status status="PASS" start="2025-10-07T10:52:43.778769" elapsed="0.273202"/>
</kw>
<kw name="Click With Fallback">
<kw name="Run Keyword And Ignore Error" owner="BuiltIn">
<kw name="Safe Click">
<kw name="Wait Until Element Is Visible" owner="SeleniumLibrary">
<arg>${locator}</arg>
<arg>10s</arg>
<doc>Waits until the element ``locator`` is visible.</doc>
<status status="PASS" start="2025-10-07T10:52:44.054670" elapsed="0.017673"/>
</kw>
<kw name="Scroll Element Into View" owner="SeleniumLibrary">
<arg>${locator}</arg>
<doc>Scrolls the element identified by ``locator`` into view.</doc>
<status status="PASS" start="2025-10-07T10:52:44.072576" elapsed="0.272261"/>
</kw>
<kw name="Wait Until Keyword Succeeds" owner="BuiltIn">
<kw name="Click Element" owner="SeleniumLibrary">
<msg time="2025-10-07T10:52:44.346609" level="INFO">Clicking element 'xpath=//div[@class='select-wrapper'] //input[@class='select-dropdown dropdown-trigger']'.</msg>
<arg>${locator}</arg>
<doc>Click the element identified by ``locator``.</doc>
<status status="PASS" start="2025-10-07T10:52:44.346079" elapsed="0.060717"/>
</kw>
<arg>3x</arg>
<arg>1.5s</arg>
<arg>Click Element</arg>
<arg>${locator}</arg>
<doc>Runs the specified keyword and retries if it fails.</doc>
<status status="PASS" start="2025-10-07T10:52:44.345433" elapsed="0.061453"/>
</kw>
<arg>${locator}</arg>
<status status="PASS" start="2025-10-07T10:52:44.054070" elapsed="0.352876"/>
</kw>
<arg>Safe Click</arg>
<arg>${locator}</arg>
<doc>Runs the given keyword with the given arguments and ignores possible error.</doc>
<status status="PASS" start="2025-10-07T10:52:44.053672" elapsed="0.353315"/>
</kw>
<kw name="Run Keyword And Ignore Error" owner="BuiltIn">
<kw name="Element Should Be Visible" owner="SeleniumLibrary">
<msg time="2025-10-07T10:52:44.418708" level="INFO">Element 'xpath=//div[@class='select-wrapper'] //input[@class='select-dropdown dropdown-trigger']' is displayed.</msg>
<arg>${locator}</arg>
<doc>Verifies that the element identified by ``locator`` is visible.</doc>
<status status="PASS" start="2025-10-07T10:52:44.407245" elapsed="0.011612"/>
</kw>
<msg time="2025-10-07T10:52:44.418982" level="INFO">${res_status} = PASS</msg>
<msg time="2025-10-07T10:52:44.419017" level="INFO">${res_msg} = None</msg>
<var>${res_status}</var>
<var>${res_msg}</var>
<arg>Element Should Be Visible</arg>
<arg>${locator}</arg>
<doc>Runs the given keyword with the given arguments and ignores possible error.</doc>
<status status="PASS" start="2025-10-07T10:52:44.407103" elapsed="0.011933"/>
</kw>
<kw name="Run Keyword If" owner="BuiltIn">
<arg>'${res_status}'=='FAIL'</arg>
<arg>Js Click</arg>
<arg>${locator}</arg>
<doc>Runs the given keyword with the given arguments, if ``condition`` is true.</doc>
<status status="PASS" start="2025-10-07T10:52:44.419164" elapsed="0.000160"/>
</kw>
<arg>xpath=//div[@class='select-wrapper'] //input[@class='select-dropdown dropdown-trigger']</arg>
<status status="PASS" start="2025-10-07T10:52:44.052751" elapsed="0.366629"/>
</kw>
<kw name="Sleep" owner="BuiltIn">
<msg time="2025-10-07T10:52:45.920372" level="INFO">Slept 1 second 500 milliseconds.</msg>
<arg>1.5s</arg>
<doc>Pauses the test executed for the given time.</doc>
<status status="PASS" start="2025-10-07T10:52:44.419490" elapsed="1.501163"/>
</kw>
<kw name="Wait Until Element Is Visible" owner="SeleniumLibrary">
<arg>xpath=//li[normalize-space(.)='Beijing']</arg>
<arg>timeout=10s</arg>
<doc>Waits until the element ``locator`` is visible.</doc>
<status status="PASS" start="2025-10-07T10:52:45.921138" elapsed="0.029128"/>
</kw>
<kw name="Click Element" owner="SeleniumLibrary">
<msg time="2025-10-07T10:52:45.950824" level="INFO">Clicking element 'xpath=//li[normalize-space(.)='Beijing']'.</msg>
<arg>xpath=//li[normalize-space(.)='Beijing']</arg>
<doc>Click the element identified by ``locator``.</doc>
<status status="PASS" start="2025-10-07T10:52:45.950542" elapsed="0.045881"/>
</kw>
<kw name="Log To Console" owner="BuiltIn">
<arg>Selected Type Passport.</arg>
<doc>Logs the given message to the console.</doc>
<status status="PASS" start="2025-10-07T10:52:45.996612" elapsed="0.000132"/>
</kw>
<kw name="Sleep" owner="BuiltIn">
<msg time="2025-10-07T10:52:47.498377" level="INFO">Slept 1 second 500 milliseconds.</msg>
<arg>1.5s</arg>
<doc>Pauses the test executed for the given time.</doc>
<status status="PASS" start="2025-10-07T10:52:45.996858" elapsed="1.501868"/>
</kw>
<kw name="Log To Console" owner="BuiltIn">
<arg>Waiting 3 seconds before process...</arg>
<doc>Logs the given message to the console.</doc>
<status status="PASS" start="2025-10-07T10:52:47.499265" elapsed="0.000285"/>
</kw>
<kw name="Sleep" owner="BuiltIn">
<msg time="2025-10-07T10:52:49.001810" level="INFO">Slept 1 second 500 milliseconds.</msg>
<arg>1.5s</arg>
<doc>Pauses the test executed for the given time.</doc>
<status status="PASS" start="2025-10-07T10:52:47.499726" elapsed="1.502391"/>
</kw>
<kw name="Wait Until Element Is Visible" owner="SeleniumLibrary">
<arg>${HRR_FIELD}</arg>
<arg>timeout=10s</arg>
<doc>Waits until the element ``locator`` is visible.</doc>
<status status="PASS" start="2025-10-07T10:52:49.002511" elapsed="0.016667"/>
</kw>
<kw name="Input Text" owner="SeleniumLibrary">
<msg time="2025-10-07T10:52:49.019591" level="INFO">Typing text 'HHRTest01' into text field 'id=household_register'.</msg>
<arg>${HRR_FIELD}</arg>
<arg>${HRR_Value}</arg>
<doc>Types the given ``text`` into the text field identified by ``locator``.</doc>
<status status="PASS" start="2025-10-07T10:52:49.019378" elapsed="0.069143"/>
</kw>
<kw name="Log To Console" owner="BuiltIn">
<arg>Filled lastname field with ${HRR_Value}</arg>
<doc>Logs the given message to the console.</doc>
<status status="PASS" start="2025-10-07T10:52:49.088719" elapsed="0.000170"/>
</kw>
<kw name="Log To Console" owner="BuiltIn">
<arg>Waiting 2 seconds for Process...</arg>
<doc>Logs the given message to the console.</doc>
<status status="PASS" start="2025-10-07T10:52:49.088985" elapsed="0.000076"/>
</kw>
<kw name="Sleep" owner="BuiltIn">
<msg time="2025-10-07T10:52:50.591635" level="INFO">Slept 1 second 500 milliseconds.</msg>
<arg>1.5s</arg>
<doc>Pauses the test executed for the given time.</doc>
<status status="PASS" start="2025-10-07T10:52:49.089142" elapsed="1.503102"/>
</kw>
<kw name="Wait Until Element Is Visible" owner="SeleniumLibrary">
<arg>xpath=//div[@class='select-wrapper'] //input[@class='select-dropdown dropdown-trigger']</arg>
<arg>timeout=10s</arg>
<doc>Waits until the element ``locator`` is visible.</doc>
<status status="PASS" start="2025-10-07T10:52:50.593059" elapsed="0.013643"/>
</kw>
<kw name="Scroll Element Into View" owner="SeleniumLibrary">
<arg>xpath=//div[@class='select-wrapper'] //input[@class='select-dropdown dropdown-trigger']</arg>
<doc>Scrolls the element identified by ``locator`` into view.</doc>
<status status="PASS" start="2025-10-07T10:52:50.606912" elapsed="0.272445"/>
</kw>
<kw name="Click With Fallback">
<kw name="Run Keyword And Ignore Error" owner="BuiltIn">
<kw name="Safe Click">
<kw name="Wait Until Element Is Visible" owner="SeleniumLibrary">
<arg>${locator}</arg>
<arg>10s</arg>
<doc>Waits until the element ``locator`` is visible.</doc>
<status status="PASS" start="2025-10-07T10:52:50.881131" elapsed="0.015479"/>
</kw>
<kw name="Scroll Element Into View" owner="SeleniumLibrary">
<arg>${locator}</arg>
<doc>Scrolls the element identified by ``locator`` into view.</doc>
<status status="PASS" start="2025-10-07T10:52:50.896772" elapsed="0.268340"/>
</kw>
<kw name="Wait Until Keyword Succeeds" owner="BuiltIn">
<kw name="Click Element" owner="SeleniumLibrary">
<msg time="2025-10-07T10:52:51.167081" level="INFO">Clicking element 'xpath=//div[@class='select-wrapper'] //input[@class='select-dropdown dropdown-trigger']'.</msg>
<arg>${locator}</arg>
<doc>Click the element identified by ``locator``.</doc>
<status status="PASS" start="2025-10-07T10:52:51.166443" elapsed="0.058050"/>
</kw>
<arg>3x</arg>
<arg>1.5s</arg>
<arg>Click Element</arg>
<arg>${locator}</arg>
<doc>Runs the specified keyword and retries if it fails.</doc>
<status status="PASS" start="2025-10-07T10:52:51.165787" elapsed="0.058793"/>
</kw>
<arg>${locator}</arg>
<status status="PASS" start="2025-10-07T10:52:50.880804" elapsed="0.343841"/>
</kw>
<arg>Safe Click</arg>
<arg>${locator}</arg>
<doc>Runs the given keyword with the given arguments and ignores possible error.</doc>
<status status="PASS" start="2025-10-07T10:52:50.880555" elapsed="0.344133"/>
</kw>
<kw name="Run Keyword And Ignore Error" owner="BuiltIn">
<kw name="Element Should Be Visible" owner="SeleniumLibrary">
<msg time="2025-10-07T10:52:51.236320" level="INFO">Element 'xpath=//div[@class='select-wrapper'] //input[@class='select-dropdown dropdown-trigger']' is displayed.</msg>
<arg>${locator}</arg>
<doc>Verifies that the element identified by ``locator`` is visible.</doc>
<status status="PASS" start="2025-10-07T10:52:51.224967" elapsed="0.011432"/>
</kw>
<msg time="2025-10-07T10:52:51.236520" level="INFO">${res_status} = PASS</msg>
<msg time="2025-10-07T10:52:51.236555" level="INFO">${res_msg} = None</msg>
<var>${res_status}</var>
<var>${res_msg}</var>
<arg>Element Should Be Visible</arg>
<arg>${locator}</arg>
<doc>Runs the given keyword with the given arguments and ignores possible error.</doc>
<status status="PASS" start="2025-10-07T10:52:51.224818" elapsed="0.011755"/>
</kw>
<kw name="Run Keyword If" owner="BuiltIn">
<arg>'${res_status}'=='FAIL'</arg>
<arg>Js Click</arg>
<arg>${locator}</arg>
<doc>Runs the given keyword with the given arguments, if ``condition`` is true.</doc>
<status status="PASS" start="2025-10-07T10:52:51.236701" elapsed="0.000162"/>
</kw>
<arg>xpath=//div[@class='select-wrapper'] //input[@class='select-dropdown dropdown-trigger']</arg>
<status status="PASS" start="2025-10-07T10:52:50.880083" elapsed="0.356837"/>
</kw>
<kw name="Sleep" owner="BuiltIn">
<msg time="2025-10-07T10:52:52.739003" level="INFO">Slept 1 second 500 milliseconds.</msg>
<arg>1.5s</arg>
<doc>Pauses the test executed for the given time.</doc>
<status status="PASS" start="2025-10-07T10:52:51.237037" elapsed="1.502316"/>
</kw>
<kw name="Wait Until Element Is Visible" owner="SeleniumLibrary">
<arg>xpath=//li[normalize-space(.)='Han']</arg>
<arg>timeout=10s</arg>
<doc>Waits until the element ``locator`` is visible.</doc>
<status status="PASS" start="2025-10-07T10:52:52.741261" elapsed="0.016225"/>
</kw>
<kw name="Click Element" owner="SeleniumLibrary">
<msg time="2025-10-07T10:52:52.757852" level="INFO">Clicking element 'xpath=//li[normalize-space(.)='Han']'.</msg>
<arg>xpath=//li[normalize-space(.)='Han']</arg>
<doc>Click the element identified by ``locator``.</doc>
<status status="PASS" start="2025-10-07T10:52:52.757685" elapsed="0.039341"/>
</kw>
<kw name="Log To Console" owner="BuiltIn">
<arg>Selected Type Passport.</arg>
<doc>Logs the given message to the console.</doc>
<status status="PASS" start="2025-10-07T10:52:52.797235" elapsed="0.000132"/>
</kw>
<kw name="Sleep" owner="BuiltIn">
<msg time="2025-10-07T10:52:54.298646" level="INFO">Slept 1 second 500 milliseconds.</msg>
<arg>1.5s</arg>
<doc>Pauses the test executed for the given time.</doc>
<status status="PASS" start="2025-10-07T10:52:52.797463" elapsed="1.501402"/>
</kw>
<kw name="Log To Console" owner="BuiltIn">
<arg>Waiting 3 seconds before process...</arg>
<doc>Logs the given message to the console.</doc>
<status status="PASS" start="2025-10-07T10:52:54.299516" elapsed="0.000382"/>
</kw>
<kw name="Sleep" owner="BuiltIn">
<msg time="2025-10-07T10:52:55.801055" level="INFO">Slept 1 second 500 milliseconds.</msg>
<arg>1.5s</arg>
<doc>Pauses the test executed for the given time.</doc>
<status status="PASS" start="2025-10-07T10:52:54.300219" elapsed="1.501226"/>
</kw>
<kw name="Wait Until Element Is Visible" owner="SeleniumLibrary">
<arg>${SSP_FIELD}</arg>
<arg>timeout=10s</arg>
<doc>Waits until the element ``locator`` is visible.</doc>
<status status="PASS" start="2025-10-07T10:52:55.802186" elapsed="0.016292"/>
</kw>
<kw name="Input Text" owner="SeleniumLibrary">
<msg time="2025-10-07T10:52:55.818895" level="INFO">Typing text 'SSP001Test' into text field 'id=social_security_place'.</msg>
<arg>${SSP_FIELD}</arg>
<arg>${SSP_Value}</arg>
<doc>Types the given ``text`` into the text field identified by ``locator``.</doc>
<status status="PASS" start="2025-10-07T10:52:55.818684" elapsed="0.064813"/>
</kw>
<kw name="Log To Console" owner="BuiltIn">
<arg>Filled lastname field with ${SSP_Value}</arg>
<doc>Logs the given message to the console.</doc>
<status status="PASS" start="2025-10-07T10:52:55.883696" elapsed="0.000177"/>
</kw>
<kw name="Log To Console" owner="BuiltIn">
<arg>Waiting 3 seconds before process...</arg>
<doc>Logs the given message to the console.</doc>
<status status="PASS" start="2025-10-07T10:52:55.883975" elapsed="0.000079"/>
</kw>
<kw name="Sleep" owner="BuiltIn">
<msg time="2025-10-07T10:52:57.384791" level="INFO">Slept 1 second 500 milliseconds.</msg>
<arg>1.5s</arg>
<doc>Pauses the test executed for the given time.</doc>
<status status="PASS" start="2025-10-07T10:52:55.884138" elapsed="1.500936"/>
</kw>
<kw name="Wait Until Element Is Visible" owner="SeleniumLibrary">
<arg>${CA_FIELD}</arg>
<arg>timeout=10s</arg>
<doc>Waits until the element ``locator`` is visible.</doc>
<status status="PASS" start="2025-10-07T10:52:57.385976" elapsed="0.015209"/>
</kw>
<kw name="Input Text" owner="SeleniumLibrary">
<msg time="2025-10-07T10:52:57.401671" level="INFO">Typing text '110TestAddress' into text field 'id=current_address'.</msg>
<arg>${CA_FIELD}</arg>
<arg>${CA_Value}</arg>
<doc>Types the given ``text`` into the text field identified by ``locator``.</doc>
<status status="PASS" start="2025-10-07T10:52:57.401447" elapsed="0.055745"/>
</kw>
<kw name="Log To Console" owner="BuiltIn">
<arg>Filled lastname field with ${CA_Value}</arg>
<doc>Logs the given message to the console.</doc>
<status status="PASS" start="2025-10-07T10:52:57.457381" elapsed="0.000170"/>
</kw>
<status status="PASS" start="2025-10-07T10:52:42.253897" elapsed="15.203774"/>
</test>
<test id="s1-t15" name="Select ID Type" line="343">
<kw name="Log To Console" owner="BuiltIn">
<arg>Waiting 2 seconds for Process...</arg>
<doc>Logs the given message to the console.</doc>
<status status="PASS" start="2025-10-07T10:52:57.458060" elapsed="0.000085"/>
</kw>
<kw name="Sleep" owner="BuiltIn">
<msg time="2025-10-07T10:52:58.959875" level="INFO">Slept 1 second 500 milliseconds.</msg>
<arg>1.5s</arg>
<doc>Pauses the test executed for the given time.</doc>
<status status="PASS" start="2025-10-07T10:52:57.458232" elapsed="1.501960"/>
</kw>
<kw name="Wait Until Element Is Visible" owner="SeleniumLibrary">
<arg>xpath=//div[@class='select-wrapper'] //input[@class='select-dropdown dropdown-trigger']</arg>
<arg>timeout=10s</arg>
<doc>Waits until the element ``locator`` is visible.</doc>
<status status="PASS" start="2025-10-07T10:52:58.960917" elapsed="0.013778"/>
</kw>
<kw name="Scroll Element Into View" owner="SeleniumLibrary">
<arg>xpath=//div[@class='select-wrapper'] //input[@class='select-dropdown dropdown-trigger']</arg>
<doc>Scrolls the element identified by ``locator`` into view.</doc>
<status status="PASS" start="2025-10-07T10:52:58.974896" elapsed="0.268823"/>
</kw>
<kw name="Click With Fallback">
<kw name="Run Keyword And Ignore Error" owner="BuiltIn">
<kw name="Safe Click">
<kw name="Wait Until Element Is Visible" owner="SeleniumLibrary">
<arg>${locator}</arg>
<arg>10s</arg>
<doc>Waits until the element ``locator`` is visible.</doc>
<status status="PASS" start="2025-10-07T10:52:59.246329" elapsed="0.017793"/>
</kw>
<kw name="Scroll Element Into View" owner="SeleniumLibrary">
<arg>${locator}</arg>
<doc>Scrolls the element identified by ``locator`` into view.</doc>
<status status="PASS" start="2025-10-07T10:52:59.264330" elapsed="0.271991"/>
</kw>
<kw name="Wait Until Keyword Succeeds" owner="BuiltIn">
<kw name="Click Element" owner="SeleniumLibrary">
<msg time="2025-10-07T10:52:59.538259" level="INFO">Clicking element 'xpath=//div[@class='select-wrapper'] //input[@class='select-dropdown dropdown-trigger']'.</msg>
<arg>${locator}</arg>
<doc>Click the element identified by ``locator``.</doc>
<status status="PASS" start="2025-10-07T10:52:59.537653" elapsed="0.067784"/>
</kw>
<arg>3x</arg>
<arg>1.5s</arg>
<arg>Click Element</arg>
<arg>${locator}</arg>
<doc>Runs the specified keyword and retries if it fails.</doc>
<status status="PASS" start="2025-10-07T10:52:59.536965" elapsed="0.068550"/>
</kw>
<arg>${locator}</arg>
<status status="PASS" start="2025-10-07T10:52:59.245791" elapsed="0.359785"/>
</kw>
<arg>Safe Click</arg>
<arg>${locator}</arg>
<doc>Runs the given keyword with the given arguments and ignores possible error.</doc>
<status status="PASS" start="2025-10-07T10:52:59.245414" elapsed="0.360202"/>
</kw>
<kw name="Run Keyword And Ignore Error" owner="BuiltIn">
<kw name="Element Should Be Visible" owner="SeleniumLibrary">
<msg time="2025-10-07T10:52:59.616371" level="INFO">Element 'xpath=//div[@class='select-wrapper'] //input[@class='select-dropdown dropdown-trigger']' is displayed.</msg>
<arg>${locator}</arg>
<doc>Verifies that the element identified by ``locator`` is visible.</doc>
<status status="PASS" start="2025-10-07T10:52:59.605862" elapsed="0.010586"/>
</kw>
<msg time="2025-10-07T10:52:59.616566" level="INFO">${res_status} = PASS</msg>
<msg time="2025-10-07T10:52:59.616600" level="INFO">${res_msg} = None</msg>
<var>${res_status}</var>
<var>${res_msg}</var>
<arg>Element Should Be Visible</arg>
<arg>${locator}</arg>
<doc>Runs the given keyword with the given arguments and ignores possible error.</doc>
<status status="PASS" start="2025-10-07T10:52:59.605729" elapsed="0.010889"/>
</kw>
<kw name="Run Keyword If" owner="BuiltIn">
<arg>'${res_status}'=='FAIL'</arg>
<arg>Js Click</arg>
<arg>${locator}</arg>
<doc>Runs the given keyword with the given arguments, if ``condition`` is true.</doc>
<status status="PASS" start="2025-10-07T10:52:59.616739" elapsed="0.000168"/>
</kw>
<arg>xpath=//div[@class='select-wrapper'] //input[@class='select-dropdown dropdown-trigger']</arg>
<status status="PASS" start="2025-10-07T10:52:59.244574" elapsed="0.372389"/>
</kw>
<kw name="Wait Until Element Is Visible" owner="SeleniumLibrary">
<arg>xpath=//li[normalize-space(.)='Passport']</arg>
<arg>timeout=10s</arg>
<doc>Waits until the element ``locator`` is visible.</doc>
<status status="PASS" start="2025-10-07T10:52:59.617087" elapsed="0.013439"/>
</kw>
<kw name="Click With Fallback">
<kw name="Run Keyword And Ignore Error" owner="BuiltIn">
<kw name="Safe Click">
<kw name="Wait Until Element Is Visible" owner="SeleniumLibrary">
<arg>${locator}</arg>
<arg>10s</arg>
<doc>Waits until the element ``locator`` is visible.</doc>
<status status="PASS" start="2025-10-07T10:52:59.631381" elapsed="0.011107"/>
</kw>
<kw name="Scroll Element Into View" owner="SeleniumLibrary">
<arg>${locator}</arg>
<doc>Scrolls the element identified by ``locator`` into view.</doc>
<status status="PASS" start="2025-10-07T10:52:59.642748" elapsed="0.277137"/>
</kw>
<kw name="Wait Until Keyword Succeeds" owner="BuiltIn">
<kw name="Click Element" owner="SeleniumLibrary">
<msg time="2025-10-07T10:52:59.921248" level="INFO">Clicking element 'xpath=//li[normalize-space(.)='Passport']'.</msg>
<arg>${locator}</arg>
<doc>Click the element identified by ``locator``.</doc>
<status status="PASS" start="2025-10-07T10:52:59.920880" elapsed="0.057113"/>
</kw>
<arg>3x</arg>
<arg>1.5s</arg>
<arg>Click Element</arg>
<arg>${locator}</arg>
<doc>Runs the specified keyword and retries if it fails.</doc>
<status status="PASS" start="2025-10-07T10:52:59.920423" elapsed="0.057652"/>
</kw>
<arg>${locator}</arg>
<status status="PASS" start="2025-10-07T10:52:59.631206" elapsed="0.346932"/>
</kw>
<arg>Safe Click</arg>
<arg>${locator}</arg>
<doc>Runs the given keyword with the given arguments and ignores possible error.</doc>
<status status="PASS" start="2025-10-07T10:52:59.631065" elapsed="0.347110"/>
</kw>
<kw name="Run Keyword And Ignore Error" owner="BuiltIn">
<kw name="Element Should Be Visible" owner="SeleniumLibrary">
<msg time="2025-10-07T10:52:59.990519" level="INFO">Element 'xpath=//li[normalize-space(.)='Passport']' is displayed.</msg>
<arg>${locator}</arg>
<doc>Verifies that the element identified by ``locator`` is visible.</doc>
<status status="PASS" start="2025-10-07T10:52:59.978448" elapsed="0.012151"/>
</kw>
<msg time="2025-10-07T10:52:59.990719" level="INFO">${res_status} = PASS</msg>
<msg time="2025-10-07T10:52:59.990753" level="INFO">${res_msg} = None</msg>
<var>${res_status}</var>
<var>${res_msg}</var>
<arg>Element Should Be Visible</arg>
<arg>${locator}</arg>
<doc>Runs the given keyword with the given arguments and ignores possible error.</doc>
<status status="PASS" start="2025-10-07T10:52:59.978312" elapsed="0.012458"/>
</kw>
<kw name="Run Keyword If" owner="BuiltIn">
<arg>'${res_status}'=='FAIL'</arg>
<arg>Js Click</arg>
<arg>${locator}</arg>
<doc>Runs the given keyword with the given arguments, if ``condition`` is true.</doc>
<status status="PASS" start="2025-10-07T10:52:59.990892" elapsed="0.000153"/>
</kw>
<arg>xpath=//li[normalize-space(.)='Passport']</arg>
<status status="PASS" start="2025-10-07T10:52:59.630825" elapsed="0.360274"/>
</kw>
<kw name="Log To Console" owner="BuiltIn">
<arg>Selected Type Passport.</arg>
<doc>Logs the given message to the console.</doc>
<status status="PASS" start="2025-10-07T10:52:59.991213" elapsed="0.000088"/>
</kw>
<kw name="Sleep" owner="BuiltIn">
<msg time="2025-10-07T10:53:01.491702" level="INFO">Slept 1 second 500 milliseconds.</msg>
<arg>1.5s</arg>
<doc>Pauses the test executed for the given time.</doc>
<status status="PASS" start="2025-10-07T10:52:59.991384" elapsed="1.500701"/>
</kw>
<status status="PASS" start="2025-10-07T10:52:57.457845" elapsed="4.035032"/>
</test>
<test id="s1-t16" name="ID Number" line="356">
<kw name="Log To Console" owner="BuiltIn">
<arg>Waiting 3 seconds before filling Number...</arg>
<doc>Logs the given message to the console.</doc>
<status status="PASS" start="2025-10-07T10:53:01.494746" elapsed="0.000481"/>
</kw>
<kw name="Sleep" owner="BuiltIn">
<msg time="2025-10-07T10:53:02.997128" level="INFO">Slept 1 second 500 milliseconds.</msg>
<arg>1.5s</arg>
<doc>Pauses the test executed for the given time.</doc>
<status status="PASS" start="2025-10-07T10:53:01.495517" elapsed="1.502001"/>
</kw>
<kw name="Wait Until Element Is Visible" owner="SeleniumLibrary">
<arg>${ID_FIELD}</arg>
<arg>timeout=10s</arg>
<doc>Waits until the element ``locator`` is visible.</doc>
<status status="PASS" start="2025-10-07T10:53:02.998255" elapsed="0.022889"/>
</kw>
<kw name="Input Text" owner="SeleniumLibrary">
<msg time="2025-10-07T10:53:03.021713" level="INFO">Typing text '777666777' into text field 'id=card_id'.</msg>
<arg>${ID_FIELD}</arg>
<arg>${ID_Value}</arg>
<doc>Types the given ``text`` into the text field identified by ``locator``.</doc>
<status status="PASS" start="2025-10-07T10:53:03.021416" elapsed="0.077976"/>
</kw>
<kw name="Log To Console" owner="BuiltIn">
<arg>Filled lastname field with ${ID_Value}</arg>
<doc>Logs the given message to the console.</doc>
<status status="PASS" start="2025-10-07T10:53:03.099596" elapsed="0.000177"/>
</kw>
<status status="PASS" start="2025-10-07T10:53:01.493671" elapsed="1.606203"/>
</test>
<test id="s1-t17" name="BirthDay Date" line="364">
<kw name="Log To Console" owner="BuiltIn">
<arg>Waiting 1.5s For Process..</arg>
<doc>Logs the given message to the console.</doc>
<status status="PASS" start="2025-10-07T10:53:03.100226" elapsed="0.000085"/>
</kw>
<kw name="Sleep" owner="BuiltIn">
<msg time="2025-10-07T10:53:04.601554" level="INFO">Slept 1 second 500 milliseconds.</msg>
<arg>1.5s</arg>
<doc>Pauses the test executed for the given time.</doc>
<status status="PASS" start="2025-10-07T10:53:03.100398" elapsed="1.501528"/>
</kw>
<kw name="Scroll Element Into View" owner="SeleniumLibrary">
<arg>${BD_FIELD}</arg>
<doc>Scrolls the element identified by ``locator`` into view.</doc>
<status status="PASS" start="2025-10-07T10:53:04.602681" elapsed="0.287697"/>
</kw>
<kw name="Wait Until Element Is Visible" owner="SeleniumLibrary">
<arg>${BD_FIELD}</arg>
<arg>timeout=10s</arg>
[...]
<arg>1.5s</arg>
<doc>Pauses the test executed for the given time.</doc>
<status status="PASS" start="2025-10-07T10:55:39.260725" elapsed="1.502243"/>
</kw>
<kw name="Scroll Element Into View" owner="SeleniumLibrary">
<arg>${MuniEmAdd_Field}</arg>
<doc>Scrolls the element identified by ``locator`` into view.</doc>
<status status="PASS" start="2025-10-07T10:55:40.763708" elapsed="0.278592"/>
</kw>
<kw name="Wait Until Element Is Visible" owner="SeleniumLibrary">
<arg>${MuniEmAdd_Field}</arg>
<arg>timeout=10s</arg>
<doc>Waits until the element ``locator`` is visible.</doc>
<status status="PASS" start="2025-10-07T10:55:41.042894" elapsed="0.012392"/>
</kw>
<kw name="Input Text" owner="SeleniumLibrary">
<msg time="2025-10-07T10:55:41.055726" level="INFO">Typing text '2201191' into text field 'id=municipality_employee_address'.</msg>
<arg>${MuniEmAdd_Field}</arg>
<arg>${MuniEmAdd_Value}</arg>
<doc>Types the given ``text`` into the text field identified by ``locator``.</doc>
<status status="PASS" start="2025-10-07T10:55:41.055501" elapsed="0.051308"/>
</kw>
<kw name="Log To Console" owner="BuiltIn">
<arg>Filled lastname field with ${MuniEmAdd_Value}</arg>
<doc>Logs the given message to the console.</doc>
<status status="PASS" start="2025-10-07T10:55:41.107218" elapsed="0.000278"/>
</kw>
<kw name="Sleep" owner="BuiltIn">
<msg time="2025-10-07T10:55:42.609485" level="INFO">Slept 1 second 500 milliseconds.</msg>
<arg>1.5</arg>
<doc>Pauses the test executed for the given time.</doc>
<status status="PASS" start="2025-10-07T10:55:41.107605" elapsed="1.502192"/>
</kw>
<status status="PASS" start="2025-10-07T10:55:39.259300" elapsed="3.351086"/>
</test>
<test id="s1-t62" name="Muni Em Add" line="780">
<kw name="Log To Console" owner="BuiltIn">
<arg>Waiting 1.5 seconds before Process...</arg>
<doc>Logs the given message to the console.</doc>
<status status="PASS" start="2025-10-07T10:55:42.612565" elapsed="0.000305"/>
</kw>
<kw name="Sleep" owner="BuiltIn">
<msg time="2025-10-07T10:55:44.114240" level="INFO">Slept 1 second 500 milliseconds.</msg>
<arg>1.5s</arg>
<doc>Pauses the test executed for the given time.</doc>
<status status="PASS" start="2025-10-07T10:55:42.613084" elapsed="1.501625"/>
</kw>
<kw name="Scroll Element Into View" owner="SeleniumLibrary">
<arg>${NoInfo_Field}</arg>
<doc>Scrolls the element identified by ``locator`` into view.</doc>
<status status="PASS" start="2025-10-07T10:55:44.115443" elapsed="0.282789"/>
</kw>
<kw name="Wait Until Element Is Visible" owner="SeleniumLibrary">
<arg>${NoInfo_Field}</arg>
<arg>timeout=10s</arg>
<doc>Waits until the element ``locator`` is visible.</doc>
<status status="PASS" start="2025-10-07T10:55:44.398853" elapsed="0.018384"/>
</kw>
<kw name="Input Text" owner="SeleniumLibrary">
<msg time="2025-10-07T10:55:44.417824" level="INFO">Typing text '2201191' into text field 'id=credit_number'.</msg>
<arg>${NoInfo_Field}</arg>
<arg>${NoInfo_Value}</arg>
<doc>Types the given ``text`` into the text field identified by ``locator``.</doc>
<status status="PASS" start="2025-10-07T10:55:44.417520" elapsed="0.054446"/>
</kw>
<kw name="Log To Console" owner="BuiltIn">
<arg>Filled lastname field with ${NoInfo_Value}</arg>
<doc>Logs the given message to the console.</doc>
<status status="PASS" start="2025-10-07T10:55:44.472160" elapsed="0.000184"/>
</kw>
<kw name="Sleep" owner="BuiltIn">
<msg time="2025-10-07T10:55:45.974227" level="INFO">Slept 1 second 500 milliseconds.</msg>
<arg>1.5</arg>
<doc>Pauses the test executed for the given time.</doc>
<status status="PASS" start="2025-10-07T10:55:44.472443" elapsed="1.502154"/>
</kw>
<status status="PASS" start="2025-10-07T10:55:42.610986" elapsed="3.364205"/>
</test>
<test id="s1-t63" name="Emergen Cont" line="789">
<kw name="Log To Console" owner="BuiltIn">
<arg>Waiting 1.5 seconds before Process...</arg>
<doc>Logs the given message to the console.</doc>
<status status="PASS" start="2025-10-07T10:55:45.977454" elapsed="0.000432"/>
</kw>
<kw name="Sleep" owner="BuiltIn">
<msg time="2025-10-07T10:55:47.480720" level="INFO">Slept 1 second 500 milliseconds.</msg>
<arg>1.5s</arg>
<doc>Pauses the test executed for the given time.</doc>
<status status="PASS" start="2025-10-07T10:55:45.978235" elapsed="1.502702"/>
</kw>
<kw name="Scroll Element Into View" owner="SeleniumLibrary">
<arg>${EmerCont_Field}</arg>
<doc>Scrolls the element identified by ``locator`` into view.</doc>
<status status="PASS" start="2025-10-07T10:55:47.481388" elapsed="0.281187"/>
</kw>
<kw name="Wait Until Element Is Visible" owner="SeleniumLibrary">
<arg>${EmerCont_Field}</arg>
<arg>timeout=10s</arg>
<doc>Waits until the element ``locator`` is visible.</doc>
<status status="PASS" start="2025-10-07T10:55:47.763339" elapsed="0.012290"/>
</kw>
<kw name="Input Text" owner="SeleniumLibrary">
<msg time="2025-10-07T10:55:47.776052" level="INFO">Typing text 'EmerTesting' into text field 'id=em_contact_name'.</msg>
<arg>${EmerCont_Field}</arg>
<arg>${EmerCont_Value}</arg>
<doc>Types the given ``text`` into the text field identified by ``locator``.</doc>
<status status="PASS" start="2025-10-07T10:55:47.775834" elapsed="0.048336"/>
</kw>
<kw name="Log To Console" owner="BuiltIn">
<arg>Filled lastname field with ${EmerCont_Value}</arg>
<doc>Logs the given message to the console.</doc>
<status status="PASS" start="2025-10-07T10:55:47.824532" elapsed="0.000476"/>
</kw>
<kw name="Sleep" owner="BuiltIn">
<msg time="2025-10-07T10:55:49.327786" level="INFO">Slept 1 second 500 milliseconds.</msg>
<arg>1.5</arg>
<doc>Pauses the test executed for the given time.</doc>
<status status="PASS" start="2025-10-07T10:55:47.825438" elapsed="1.502838"/>
</kw>
<status status="PASS" start="2025-10-07T10:55:45.975836" elapsed="3.353122"/>
</test>
<test id="s1-t64" name="Emergen Cont Phone" line="798">
<kw name="Log To Console" owner="BuiltIn">
<arg>Waiting 1.5 seconds before Process...</arg>
<doc>Logs the given message to the console.</doc>
<status status="PASS" start="2025-10-07T10:55:49.330287" elapsed="0.000302"/>
</kw>
<kw name="Sleep" owner="BuiltIn">
<msg time="2025-10-07T10:55:50.832027" level="INFO">Slept 1 second 500 milliseconds.</msg>
<arg>1.5s</arg>
<doc>Pauses the test executed for the given time.</doc>
<status status="PASS" start="2025-10-07T10:55:49.330830" elapsed="1.501518"/>
</kw>
<kw name="Scroll Element Into View" owner="SeleniumLibrary">
<arg>${EmerContPhone_Field}</arg>
<doc>Scrolls the element identified by ``locator`` into view.</doc>
<status status="PASS" start="2025-10-07T10:55:50.834552" elapsed="0.279975"/>
</kw>
<kw name="Wait Until Element Is Visible" owner="SeleniumLibrary">
<arg>${EmerContPhone_Field}</arg>
<arg>timeout=10s</arg>
<doc>Waits until the element ``locator`` is visible.</doc>
<status status="PASS" start="2025-10-07T10:55:51.115193" elapsed="0.028676"/>
</kw>
<kw name="Input Text" owner="SeleniumLibrary">
<msg time="2025-10-07T10:55:51.144287" level="INFO">Typing text '09442201191' into text field 'id=em_contact_ph'.</msg>
<arg>${EmerContPhone_Field}</arg>
<arg>${EmerContPhone_Value}</arg>
<doc>Types the given ``text`` into the text field identified by ``locator``.</doc>
<status status="PASS" start="2025-10-07T10:55:51.144070" elapsed="0.049022"/>
</kw>
<kw name="Log To Console" owner="BuiltIn">
<arg>Filled lastname field with ${EmerContPhone_Value}</arg>
<doc>Logs the given message to the console.</doc>
<status status="PASS" start="2025-10-07T10:55:51.193287" elapsed="0.000248"/>
</kw>
<kw name="Sleep" owner="BuiltIn">
<msg time="2025-10-07T10:55:52.694677" level="INFO">Slept 1 second 500 milliseconds.</msg>
<arg>1.5</arg>
<doc>Pauses the test executed for the given time.</doc>
<status status="PASS" start="2025-10-07T10:55:51.194046" elapsed="1.501025"/>
</kw>
<status status="PASS" start="2025-10-07T10:55:49.329640" elapsed="3.366042"/>
</test>
<test id="s1-t65" name="Emer Contact Relationships" line="807">
<kw name="Log To Console" owner="BuiltIn">
<arg>Waiting 2 seconds for Process...</arg>
<doc>Logs the given message to the console.</doc>
<status status="PASS" start="2025-10-07T10:55:52.697515" elapsed="0.000385"/>
</kw>
<kw name="Sleep" owner="BuiltIn">
<msg time="2025-10-07T10:55:54.199015" level="INFO">Slept 1 second 500 milliseconds.</msg>
<arg>1.5s</arg>
<doc>Pauses the test executed for the given time.</doc>
<status status="PASS" start="2025-10-07T10:55:52.698176" elapsed="1.501200"/>
</kw>
<kw name="Wait Until Element Is Visible" owner="SeleniumLibrary">
<arg>xpath=//div[@class='select-wrapper'] //input[@class='select-dropdown dropdown-trigger']</arg>
<arg>timeout=10s</arg>
<doc>Waits until the element ``locator`` is visible.</doc>
<status status="PASS" start="2025-10-07T10:55:54.200059" elapsed="0.019865"/>
</kw>
<kw name="Scroll Element Into View" owner="SeleniumLibrary">
<arg>xpath=//div[@class='select-wrapper'] //input[@class='select-dropdown dropdown-trigger']</arg>
<doc>Scrolls the element identified by ``locator`` into view.</doc>
<status status="PASS" start="2025-10-07T10:55:54.220194" elapsed="0.271062"/>
</kw>
<kw name="Click With Fallback">
<kw name="Run Keyword And Ignore Error" owner="BuiltIn">
<kw name="Safe Click">
<kw name="Wait Until Element Is Visible" owner="SeleniumLibrary">
<arg>${locator}</arg>
<arg>10s</arg>
<doc>Waits until the element ``locator`` is visible.</doc>
<status status="PASS" start="2025-10-07T10:55:54.492994" elapsed="0.016589"/>
</kw>
<kw name="Scroll Element Into View" owner="SeleniumLibrary">
<arg>${locator}</arg>
<doc>Scrolls the element identified by ``locator`` into view.</doc>
<status status="PASS" start="2025-10-07T10:55:54.509796" elapsed="0.271647"/>
</kw>
<kw name="Wait Until Keyword Succeeds" owner="BuiltIn">
<kw name="Click Element" owner="SeleniumLibrary">
<msg time="2025-10-07T10:55:54.783529" level="INFO">Clicking element 'xpath=//div[@class='select-wrapper'] //input[@class='select-dropdown dropdown-trigger']'.</msg>
<arg>${locator}</arg>
<doc>Click the element identified by ``locator``.</doc>
<status status="PASS" start="2025-10-07T10:55:54.782918" elapsed="0.068308"/>
</kw>
<arg>3x</arg>
<arg>1.5s</arg>
<arg>Click Element</arg>
<arg>${locator}</arg>
<doc>Runs the specified keyword and retries if it fails.</doc>
<status status="PASS" start="2025-10-07T10:55:54.782159" elapsed="0.069149"/>
</kw>
<arg>${locator}</arg>
<status status="PASS" start="2025-10-07T10:55:54.492604" elapsed="0.358765"/>
</kw>
<arg>Safe Click</arg>
<arg>${locator}</arg>
<doc>Runs the given keyword with the given arguments and ignores possible error.</doc>
<status status="PASS" start="2025-10-07T10:55:54.492332" elapsed="0.359075"/>
</kw>
<kw name="Run Keyword And Ignore Error" owner="BuiltIn">
<kw name="Element Should Be Visible" owner="SeleniumLibrary">
<msg time="2025-10-07T10:55:54.861781" level="INFO">Element 'xpath=//div[@class='select-wrapper'] //input[@class='select-dropdown dropdown-trigger']' is displayed.</msg>
<arg>${locator}</arg>
<doc>Verifies that the element identified by ``locator`` is visible.</doc>
<status status="PASS" start="2025-10-07T10:55:54.851659" elapsed="0.010200"/>
</kw>
<msg time="2025-10-07T10:55:54.861980" level="INFO">${res_status} = PASS</msg>
<msg time="2025-10-07T10:55:54.862015" level="INFO">${res_msg} = None</msg>
<var>${res_status}</var>
<var>${res_msg}</var>
<arg>Element Should Be Visible</arg>
<arg>${locator}</arg>
<doc>Runs the given keyword with the given arguments and ignores possible error.</doc>
<status status="PASS" start="2025-10-07T10:55:54.851518" elapsed="0.010514"/>
</kw>
<kw name="Run Keyword If" owner="BuiltIn">
<arg>'${res_status}'=='FAIL'</arg>
<arg>Js Click</arg>
<arg>${locator}</arg>
<doc>Runs the given keyword with the given arguments, if ``condition`` is true.</doc>
<status status="PASS" start="2025-10-07T10:55:54.862159" elapsed="0.000165"/>
</kw>
<arg>xpath=//div[@class='select-wrapper'] //input[@class='select-dropdown dropdown-trigger']</arg>
<status status="PASS" start="2025-10-07T10:55:54.491803" elapsed="0.370577"/>
</kw>
<kw name="Sleep" owner="BuiltIn">
<msg time="2025-10-07T10:55:56.364657" level="INFO">Slept 1 second 500 milliseconds.</msg>
<arg>1.5s</arg>
<doc>Pauses the test executed for the given time.</doc>
<status status="PASS" start="2025-10-07T10:55:54.862495" elapsed="1.502503"/>
</kw>
<kw name="Wait Until Element Is Visible" owner="SeleniumLibrary">
<arg>xpath=//li[normalize-space(.)='- Father -']</arg>
<arg>timeout=10s</arg>
<doc>Waits until the element ``locator`` is visible.</doc>
<status status="PASS" start="2025-10-07T10:55:56.365572" elapsed="0.022102"/>
</kw>
<kw name="Click Element" owner="SeleniumLibrary">
<msg time="2025-10-07T10:55:56.388196" level="INFO">Clicking element 'xpath=//li[normalize-space(.)='- Father -']'.</msg>
<arg>xpath=//li[normalize-space(.)='- Father -']</arg>
<doc>Click the element identified by ``locator``.</doc>
<status status="PASS" start="2025-10-07T10:55:56.387957" elapsed="0.045086"/>
</kw>
<kw name="Log To Console" owner="BuiltIn">
<arg>Selected 8 Hours.</arg>
<doc>Logs the given message to the console.</doc>
<status status="PASS" start="2025-10-07T10:55:56.433247" elapsed="0.000175"/>
</kw>
<kw name="Sleep" owner="BuiltIn">
<msg time="2025-10-07T10:55:57.934007" level="INFO">Slept 1 second 500 milliseconds.</msg>
<arg>1.5s</arg>
<doc>Pauses the test executed for the given time.</doc>
<status status="PASS" start="2025-10-07T10:55:56.433651" elapsed="1.500520"/>
</kw>
<status status="PASS" start="2025-10-07T10:55:52.696468" elapsed="5.237993"/>
</test>
<test id="s1-t66" name="Click Next Button Payment Page" line="819">
<kw name="Scroll Element Into View" owner="SeleniumLibrary">
<arg>${Next_Other}</arg>
<doc>Scrolls the element identified by ``locator`` into view.</doc>
<status status="PASS" start="2025-10-07T10:55:57.935321" elapsed="0.271011"/>
</kw>
<kw name="Wait Until Element Is Visible" owner="SeleniumLibrary">
<arg>${Next_Other}</arg>
<arg>timeout=10s</arg>
<doc>Waits until the element ``locator`` is visible.</doc>
<status status="PASS" start="2025-10-07T10:55:58.206738" elapsed="0.016613"/>
</kw>
<kw name="Click Element" owner="SeleniumLibrary">
<msg time="2025-10-07T10:55:58.223944" level="INFO">Clicking element 'xpath=//button[@class='btn waves-effect waves-light cyan darken-1 next-step' and @id='other']'.</msg>
<arg>${Next_Other}</arg>
<doc>Click the element identified by ``locator``.</doc>
<status status="PASS" start="2025-10-07T10:55:58.223653" elapsed="0.052752"/>
</kw>
<kw name="Log To Console" owner="BuiltIn">
<arg>Clicked the Next button</arg>
<doc>Logs the given message to the console.</doc>
<status status="PASS" start="2025-10-07T10:55:58.276611" elapsed="0.000191"/>
</kw>
<kw name="Sleep" owner="BuiltIn">
<msg time="2025-10-07T10:56:02.280307" level="INFO">Slept 4 seconds.</msg>
<arg>4s</arg>
<doc>Pauses the test executed for the given time.</doc>
<status status="PASS" start="2025-10-07T10:55:58.277757" elapsed="4.002662"/>
</kw>
<status status="PASS" start="2025-10-07T10:55:57.934754" elapsed="4.345840"/>
</test>
<test id="s1-t67" name="Fill File 1" line="826">
<kw name="Log To Console" owner="BuiltIn">
<arg>Waiting 1.5 seconds before Process...</arg>
<doc>Logs the given message to the console.</doc>
<status status="PASS" start="2025-10-07T10:56:02.280987" elapsed="0.000116"/>
</kw>
<kw name="Sleep" owner="BuiltIn">
<msg time="2025-10-07T10:56:03.782613" level="INFO">Slept 1 second 500 milliseconds.</msg>
<arg>1.5s</arg>
<doc>Pauses the test executed for the given time.</doc>
<status status="PASS" start="2025-10-07T10:56:02.281194" elapsed="1.501847"/>
</kw>
<kw name="Set Variable" owner="BuiltIn">
<msg time="2025-10-07T10:56:03.784437" level="INFO">${FILE_PATH} = /Users/kraisit.rob/Downloads/pod-juice-oxbar-35k.jpg</msg>
<var>${FILE_PATH}</var>
<arg>/Users/kraisit.rob/Downloads/pod-juice-oxbar-35k.jpg</arg>
<doc>Returns the given values which can then be assigned to a variables.</doc>
<status status="PASS" start="2025-10-07T10:56:03.783812" elapsed="0.000707"/>
</kw>
<kw name="File Should Exist" owner="OperatingSystem">
<msg time="2025-10-07T10:56:03.785666" level="INFO" html="true">File '&lt;a href="file:///Users/kraisit.rob/Downloads/pod-juice-oxbar-35k.jpg"&gt;/Users/kraisit.rob/Downloads/pod-juice-oxbar-35k.jpg&lt;/a&gt;' exists.</msg>
<arg>${FILE_PATH}</arg>
<doc>Fails unless the given ``path`` points to an existing file.</doc>
<status status="PASS" start="2025-10-07T10:56:03.784959" elapsed="0.000819"/>
</kw>
<kw name="Execute Javascript" owner="SeleniumLibrary">
<msg time="2025-10-07T10:56:03.787194" level="INFO">Executing JavaScript:
document.getElementById('file1').style.display = 'block';
Without any arguments.</msg>
<arg>document.getElementById('file1').style.display = 'block';</arg>
<doc>Executes the given JavaScript code with possible arguments.</doc>
<status status="PASS" start="2025-10-07T10:56:03.786121" elapsed="0.010856"/>
</kw>
<kw name="Execute Javascript" owner="SeleniumLibrary">
<msg time="2025-10-07T10:56:03.797900" level="INFO">Executing JavaScript:
document.getElementById('file1').style.visibility = 'visible';
Without any arguments.</msg>
<arg>document.getElementById('file1').style.visibility = 'visible';</arg>
<doc>Executes the given JavaScript code with possible arguments.</doc>
<status status="PASS" start="2025-10-07T10:56:03.797303" elapsed="0.006310"/>
</kw>
<kw name="Execute Javascript" owner="SeleniumLibrary">
<msg time="2025-10-07T10:56:03.804354" level="INFO">Executing JavaScript:
document.getElementById('file1').style.opacity = '1';
Without any arguments.</msg>
<arg>document.getElementById('file1').style.opacity = '1';</arg>
<doc>Executes the given JavaScript code with possible arguments.</doc>
<status status="PASS" start="2025-10-07T10:56:03.803877" elapsed="0.005561"/>
</kw>
<kw name="Wait Until Element Is Visible" owner="SeleniumLibrary">
<arg>${File1}</arg>
<arg>10s</arg>
<doc>Waits until the element ``locator`` is visible.</doc>
<status status="PASS" start="2025-10-07T10:56:03.809697" elapsed="0.017318"/>
</kw>
<kw name="Choose File" owner="SeleniumLibrary">
<msg time="2025-10-07T10:56:03.827507" level="INFO">Sending /Users/kraisit.rob/Downloads/pod-juice-oxbar-35k.jpg to browser.</msg>
<arg>${File1}</arg>
<arg>${FILE_PATH}</arg>
<doc>Inputs the ``file_path`` into the file input field ``locator``.</doc>
<status status="PASS" start="2025-10-07T10:56:03.827253" elapsed="0.028609"/>
</kw>
<kw name="Log To Console" owner="BuiltIn">
<arg>Successfully uploaded file via JavaScript method</arg>
<doc>Logs the given message to the console.</doc>
<status status="PASS" start="2025-10-07T10:56:03.856183" elapsed="0.000177"/>
</kw>
<kw name="Sleep" owner="BuiltIn">
<msg time="2025-10-07T10:56:05.857917" level="INFO">Slept 2 seconds.</msg>
<arg>2s</arg>
<doc>Pauses the test executed for the given time.</doc>
<status status="PASS" start="2025-10-07T10:56:03.856479" elapsed="2.001808"/>
</kw>
<kw name="Sleep" owner="BuiltIn">
<msg time="2025-10-07T10:56:09.859707" level="INFO">Slept 4 seconds.</msg>
<arg>4s</arg>
<doc>Pauses the test executed for the given time.</doc>
<status status="PASS" start="2025-10-07T10:56:05.858980" elapsed="4.001097"/>
</kw>
<kw name="Close Browser" owner="SeleniumLibrary">
<doc>Closes the current browser.</doc>
<status status="PASS" start="2025-10-07T10:56:09.860871" elapsed="0.251111"/>
</kw>
<status status="PASS" start="2025-10-07T10:56:02.280757" elapsed="7.831442"/>
</test>
<status status="FAIL" start="2025-10-07T10:51:51.878655" elapsed="258.233972"/>
</suite>
<statistics>
<total>
<stat pass="66" fail="1" skip="0">All Tests</stat>
</total>
<tag>
</tag>
<suite>
<stat name="Hr Otp" id="s1" pass="66" fail="1" skip="0">Hr Otp</stat>
</suite>
</statistics>
<errors>
<msg time="2025-10-07T10:55:42.611756" level="WARN">Multiple tests with name 'Muni Em Add' executed in suite 'Hr Otp'.</msg>
<msg time="2025-10-07T10:55:57.934817" level="WARN">Multiple tests with name 'Click Next Button Payment Page' executed in suite 'Hr Otp'.</msg>
</errors>
</robot>
